
Epoch: 1
[epoch:1, iter:1] Loss: 0.185 
[epoch:1, iter:2] Loss: 35.507 
[epoch:1, iter:3] Loss: 0.913 
[epoch:1, iter:4] Loss: 6.563 
[epoch:1, iter:5] Loss: 6.856 
[epoch:1, iter:6] Loss: 4.049 
[epoch:1, iter:7] Loss: 1.733 
[epoch:1, iter:8] Loss: 0.801 
[epoch:1, iter:9] Loss: 0.677 
[epoch:1, iter:10] Loss: 0.410 
[epoch:1, iter:11] Loss: 0.287 
[epoch:1, iter:12] Loss: 0.144 
[epoch:1, iter:13] Loss: 0.166 
[epoch:1, iter:14] Loss: 0.198 
[epoch:1, iter:15] Loss: 0.158 
[epoch:1, iter:16] Loss: 0.173 
[epoch:1, iter:17] Loss: 0.136 
[epoch:1, iter:18] Loss: 0.175 
[epoch:1, iter:19] Loss: 0.095 
[epoch:1, iter:20] Loss: 0.067 
[epoch:1, iter:21] Loss: 0.111 
[epoch:1, iter:22] Loss: 0.068 
[epoch:1, iter:23] Loss: 0.059 
[epoch:1, iter:24] Loss: 0.070 
[epoch:1, iter:25] Loss: 0.051 
[epoch:1, iter:26] Loss: 0.039 
[epoch:1, iter:27] Loss: 0.042 
[epoch:1, iter:28] Loss: 0.041 
[epoch:1, iter:29] Loss: 0.043 
[epoch:1, iter:30] Loss: 0.048 
[epoch:1, iter:31] Loss: 0.041 
[epoch:1, iter:32] Loss: 0.042 
[epoch:1, iter:33] Loss: 0.037 
[epoch:1, iter:34] Loss: 0.031 
[epoch:1, iter:35] Loss: 0.039 
[epoch:1, iter:36] Loss: 0.032 
[epoch:1, iter:37] Loss: 0.053 
[epoch:1, iter:38] Loss: 0.029 
[epoch:1, iter:39] Loss: 0.038 
[epoch:1, iter:40] Loss: 0.025 
[epoch:1, iter:41] Loss: 0.023 
[epoch:1, iter:42] Loss: 0.026 
[epoch:1, iter:43] Loss: 0.039 
[epoch:1, iter:44] Loss: 0.032 
[epoch:1, iter:45] Loss: 0.029 
[epoch:1, iter:46] Loss: 0.028 
[epoch:1, iter:47] Loss: 0.030 
[epoch:1, iter:48] Loss: 0.022 
[epoch:1, iter:49] Loss: 0.028 
[epoch:1, iter:50] Loss: 0.032 
[epoch:1, iter:51] Loss: 0.036 
[epoch:1, iter:52] Loss: 0.031 
[epoch:1, iter:53] Loss: 0.022 
[epoch:1, iter:54] Loss: 0.023 
[epoch:1, iter:55] Loss: 0.025 
[epoch:1, iter:56] Loss: 0.023 
[epoch:1, iter:57] Loss: 0.022 
[epoch:1, iter:58] Loss: 0.024 
[epoch:1, iter:59] Loss: 0.026 
[epoch:1, iter:60] Loss: 0.026 
[epoch:1, iter:61] Loss: 0.023 
[epoch:1, iter:62] Loss: 0.024 
[epoch:1, iter:63] Loss: 0.035 
[epoch:1, iter:64] Loss: 0.024 
[epoch:1, iter:65] Loss: 0.035 
[epoch:1, iter:66] Loss: 0.023 
[epoch:1, iter:67] Loss: 0.029 
[epoch:1, iter:68] Loss: 0.020 
[epoch:1, iter:69] Loss: 0.025 
[epoch:1, iter:70] Loss: 0.022 
[epoch:1, iter:71] Loss: 0.022 
[epoch:1, iter:72] Loss: 0.027 
[epoch:1, iter:73] Loss: 0.023 
[epoch:1, iter:74] Loss: 0.016 
[epoch:1, iter:75] Loss: 0.026 
[epoch:1, iter:76] Loss: 0.020 
[epoch:1, iter:77] Loss: 0.024 
[epoch:1, iter:78] Loss: 0.023 
[epoch:1, iter:79] Loss: 0.021 
[epoch:1, iter:80] Loss: 0.022 
[epoch:1, iter:81] Loss: 0.021 
[epoch:1, iter:82] Loss: 0.022 
[epoch:1, iter:83] Loss: 0.020 
[epoch:1, iter:84] Loss: 0.019 
[epoch:1, iter:85] Loss: 0.020 
[epoch:1, iter:86] Loss: 0.020 
[epoch:1, iter:87] Loss: 0.020 
[epoch:1, iter:88] Loss: 0.020 
[epoch:1, iter:89] Loss: 0.022 
[epoch:1, iter:90] Loss: 0.020 
[epoch:1, iter:91] Loss: 0.019 
[epoch:1, iter:92] Loss: 0.019 
[epoch:1, iter:93] Loss: 0.022 
[epoch:1, iter:94] Loss: 0.020 
[epoch:1, iter:95] Loss: 0.020 
[epoch:1, iter:96] Loss: 0.022 
[epoch:1, iter:97] Loss: 0.017 
[epoch:1, iter:98] Loss: 0.022 
[epoch:1, iter:99] Loss: 0.024 
[epoch:1, iter:100] Loss: 0.019 
[epoch:1, iter:101] Loss: 0.018 
[epoch:1, iter:102] Loss: 0.021 
[epoch:1, iter:103] Loss: 0.018 
[epoch:1, iter:104] Loss: 0.018 
[epoch:1, iter:105] Loss: 0.017 
[epoch:1, iter:106] Loss: 0.018 
[epoch:1, iter:107] Loss: 0.019 
[epoch:1, iter:108] Loss: 0.020 
[epoch:1, iter:109] Loss: 0.021 
[epoch:1, iter:110] Loss: 0.021 
[epoch:1, iter:111] Loss: 0.020 
[epoch:1, iter:112] Loss: 0.020 
[epoch:1, iter:113] Loss: 0.018 
[epoch:1, iter:114] Loss: 0.019 
[epoch:1, iter:115] Loss: 0.024 
[epoch:1, iter:116] Loss: 0.018 
[epoch:1, iter:117] Loss: 0.018 
[epoch:1, iter:118] Loss: 0.024 
[epoch:1, iter:119] Loss: 0.021 
[epoch:1, iter:120] Loss: 0.017 
[epoch:1, iter:121] Loss: 0.020 
[epoch:1, iter:122] Loss: 0.018 
[epoch:1, iter:123] Loss: 0.018 
[epoch:1, iter:124] Loss: 0.019 
[epoch:1, iter:125] Loss: 0.021 
[epoch:1, iter:126] Loss: 0.019 
[epoch:1, iter:127] Loss: 0.021 
[epoch:1, iter:128] Loss: 0.018 
[epoch:1, iter:129] Loss: 0.020 
[epoch:1, iter:130] Loss: 0.019 
[epoch:1, iter:131] Loss: 0.017 
[epoch:1, iter:132] Loss: 0.021 
[epoch:1, iter:133] Loss: 0.021 
[epoch:1, iter:134] Loss: 0.019 
[epoch:1, iter:135] Loss: 0.017 
[epoch:1, iter:136] Loss: 0.017 
[epoch:1, iter:137] Loss: 0.022 
[epoch:1, iter:138] Loss: 0.018 
[epoch:1, iter:139] Loss: 0.021 
[epoch:1, iter:140] Loss: 0.020 
[epoch:1, iter:141] Loss: 0.017 
[epoch:1, iter:142] Loss: 0.020 
[epoch:1, iter:143] Loss: 0.021 
[epoch:1, iter:144] Loss: 0.020 
[epoch:1, iter:145] Loss: 0.018 
[epoch:1, iter:146] Loss: 0.018 
[epoch:1, iter:147] Loss: 0.020 
[epoch:1, iter:148] Loss: 0.018 
[epoch:1, iter:149] Loss: 0.018 
[epoch:1, iter:150] Loss: 0.018 
[epoch:1, iter:151] Loss: 0.018 
[epoch:1, iter:152] Loss: 0.018 
[epoch:1, iter:153] Loss: 0.019 
[epoch:1, iter:154] Loss: 0.020 
[epoch:1, iter:155] Loss: 0.018 
[epoch:1, iter:156] Loss: 0.019 
[epoch:1, iter:157] Loss: 0.018 
[epoch:1, iter:158] Loss: 0.016 
[epoch:1, iter:159] Loss: 0.017 
[epoch:1, iter:160] Loss: 0.019 
[epoch:1, iter:161] Loss: 0.018 
[epoch:1, iter:162] Loss: 0.019 
[epoch:1, iter:163] Loss: 0.019 
[epoch:1, iter:164] Loss: 0.017 
[epoch:1, iter:165] Loss: 0.016 
[epoch:1, iter:166] Loss: 0.016 
[epoch:1, iter:167] Loss: 0.019 
[epoch:1, iter:168] Loss: 0.019 
[epoch:1, iter:169] Loss: 0.019 
[epoch:1, iter:170] Loss: 0.018 
[epoch:1, iter:171] Loss: 0.019 
[epoch:1, iter:172] Loss: 0.017 
[epoch:1, iter:173] Loss: 0.020 
[epoch:1, iter:174] Loss: 0.019 
[epoch:1, iter:175] Loss: 0.018 
[epoch:1, iter:176] Loss: 0.020 
[epoch:1, iter:177] Loss: 0.019 
[epoch:1, iter:178] Loss: 0.019 
[epoch:1, iter:179] Loss: 0.017 
[epoch:1, iter:180] Loss: 0.020 
[epoch:1, iter:181] Loss: 0.020 
[epoch:1, iter:182] Loss: 0.017 
[epoch:1, iter:183] Loss: 0.019 
[epoch:1, iter:184] Loss: 0.019 
[epoch:1, iter:185] Loss: 0.015 
[epoch:1, iter:186] Loss: 0.018 
[epoch:1, iter:187] Loss: 0.018 
[epoch:1, iter:188] Loss: 0.016 
Waiting Test...
Test's loss is: 0.953

Epoch: 2
[epoch:2, iter:189] Loss: 0.019 
[epoch:2, iter:190] Loss: 0.019 
[epoch:2, iter:191] Loss: 0.020 
[epoch:2, iter:192] Loss: 0.019 
[epoch:2, iter:193] Loss: 0.018 
[epoch:2, iter:194] Loss: 0.018 
[epoch:2, iter:195] Loss: 0.016 
[epoch:2, iter:196] Loss: 0.017 
[epoch:2, iter:197] Loss: 0.017 
[epoch:2, iter:198] Loss: 0.017 
[epoch:2, iter:199] Loss: 0.016 
[epoch:2, iter:200] Loss: 0.016 
[epoch:2, iter:201] Loss: 0.016 
[epoch:2, iter:202] Loss: 0.018 
[epoch:2, iter:203] Loss: 0.016 
[epoch:2, iter:204] Loss: 0.016 
[epoch:2, iter:205] Loss: 0.017 
[epoch:2, iter:206] Loss: 0.016 
[epoch:2, iter:207] Loss: 0.021 
[epoch:2, iter:208] Loss: 0.018 
[epoch:2, iter:209] Loss: 0.021 
[epoch:2, iter:210] Loss: 0.018 
[epoch:2, iter:211] Loss: 0.019 
[epoch:2, iter:212] Loss: 0.015 
[epoch:2, iter:213] Loss: 0.019 
[epoch:2, iter:214] Loss: 0.017 
[epoch:2, iter:215] Loss: 0.016 
[epoch:2, iter:216] Loss: 0.019 
[epoch:2, iter:217] Loss: 0.014 
[epoch:2, iter:218] Loss: 0.020 
[epoch:2, iter:219] Loss: 0.017 
[epoch:2, iter:220] Loss: 0.017 
[epoch:2, iter:221] Loss: 0.016 
[epoch:2, iter:222] Loss: 0.018 
[epoch:2, iter:223] Loss: 0.018 
[epoch:2, iter:224] Loss: 0.019 
[epoch:2, iter:225] Loss: 0.017 
[epoch:2, iter:226] Loss: 0.018 
[epoch:2, iter:227] Loss: 0.017 
[epoch:2, iter:228] Loss: 0.017 
[epoch:2, iter:229] Loss: 0.018 
[epoch:2, iter:230] Loss: 0.020 
[epoch:2, iter:231] Loss: 0.017 
[epoch:2, iter:232] Loss: 0.019 
[epoch:2, iter:233] Loss: 0.018 
[epoch:2, iter:234] Loss: 0.022 
[epoch:2, iter:235] Loss: 0.021 
[epoch:2, iter:236] Loss: 0.017 
[epoch:2, iter:237] Loss: 0.016 
[epoch:2, iter:238] Loss: 0.018 
[epoch:2, iter:239] Loss: 0.019 
[epoch:2, iter:240] Loss: 0.019 
[epoch:2, iter:241] Loss: 0.018 
[epoch:2, iter:242] Loss: 0.017 
[epoch:2, iter:243] Loss: 0.019 
[epoch:2, iter:244] Loss: 0.018 
[epoch:2, iter:245] Loss: 0.017 
[epoch:2, iter:246] Loss: 0.014 
[epoch:2, iter:247] Loss: 0.018 
[epoch:2, iter:248] Loss: 0.015 
[epoch:2, iter:249] Loss: 0.019 
[epoch:2, iter:250] Loss: 0.017 
[epoch:2, iter:251] Loss: 0.017 
[epoch:2, iter:252] Loss: 0.017 
[epoch:2, iter:253] Loss: 0.016 
[epoch:2, iter:254] Loss: 0.017 
[epoch:2, iter:255] Loss: 0.017 
[epoch:2, iter:256] Loss: 0.014 
[epoch:2, iter:257] Loss: 0.014 
[epoch:2, iter:258] Loss: 0.015 
[epoch:2, iter:259] Loss: 0.017 
[epoch:2, iter:260] Loss: 0.015 
[epoch:2, iter:261] Loss: 0.017 
[epoch:2, iter:262] Loss: 0.020 
[epoch:2, iter:263] Loss: 0.018 
[epoch:2, iter:264] Loss: 0.016 
[epoch:2, iter:265] Loss: 0.019 
[epoch:2, iter:266] Loss: 0.027 
[epoch:2, iter:267] Loss: 0.019 
[epoch:2, iter:268] Loss: 0.018 
[epoch:2, iter:269] Loss: 0.023 
[epoch:2, iter:270] Loss: 0.019 
[epoch:2, iter:271] Loss: 0.018 
[epoch:2, iter:272] Loss: 0.019 
[epoch:2, iter:273] Loss: 0.020 
[epoch:2, iter:274] Loss: 0.019 
[epoch:2, iter:275] Loss: 0.019 
[epoch:2, iter:276] Loss: 0.016 
[epoch:2, iter:277] Loss: 0.019 
[epoch:2, iter:278] Loss: 0.019 
[epoch:2, iter:279] Loss: 0.019 
[epoch:2, iter:280] Loss: 0.015 
[epoch:2, iter:281] Loss: 0.019 
[epoch:2, iter:282] Loss: 0.019 
[epoch:2, iter:283] Loss: 0.016 
[epoch:2, iter:284] Loss: 0.017 
[epoch:2, iter:285] Loss: 0.017 
[epoch:2, iter:286] Loss: 0.018 
[epoch:2, iter:287] Loss: 0.014 
[epoch:2, iter:288] Loss: 0.015 
[epoch:2, iter:289] Loss: 0.018 
[epoch:2, iter:290] Loss: 0.018 
[epoch:2, iter:291] Loss: 0.016 
[epoch:2, iter:292] Loss: 0.017 
[epoch:2, iter:293] Loss: 0.020 
[epoch:2, iter:294] Loss: 0.020 
[epoch:2, iter:295] Loss: 0.018 
[epoch:2, iter:296] Loss: 0.017 
[epoch:2, iter:297] Loss: 0.022 
[epoch:2, iter:298] Loss: 0.015 
[epoch:2, iter:299] Loss: 0.018 
[epoch:2, iter:300] Loss: 0.018 
[epoch:2, iter:301] Loss: 0.015 
[epoch:2, iter:302] Loss: 0.017 
[epoch:2, iter:303] Loss: 0.013 
[epoch:2, iter:304] Loss: 0.015 
[epoch:2, iter:305] Loss: 0.016 
[epoch:2, iter:306] Loss: 0.017 
[epoch:2, iter:307] Loss: 0.016 
[epoch:2, iter:308] Loss: 0.018 
[epoch:2, iter:309] Loss: 0.017 
[epoch:2, iter:310] Loss: 0.016 
[epoch:2, iter:311] Loss: 0.018 
[epoch:2, iter:312] Loss: 0.016 
[epoch:2, iter:313] Loss: 0.015 
[epoch:2, iter:314] Loss: 0.014 
[epoch:2, iter:315] Loss: 0.014 
[epoch:2, iter:316] Loss: 0.016 
[epoch:2, iter:317] Loss: 0.019 
[epoch:2, iter:318] Loss: 0.016 
[epoch:2, iter:319] Loss: 0.016 
[epoch:2, iter:320] Loss: 0.019 
[epoch:2, iter:321] Loss: 0.016 
[epoch:2, iter:322] Loss: 0.017 
[epoch:2, iter:323] Loss: 0.017 
[epoch:2, iter:324] Loss: 0.015 
[epoch:2, iter:325] Loss: 0.016 
[epoch:2, iter:326] Loss: 0.018 
[epoch:2, iter:327] Loss: 0.015 
[epoch:2, iter:328] Loss: 0.016 
[epoch:2, iter:329] Loss: 0.019 
[epoch:2, iter:330] Loss: 0.017 
[epoch:2, iter:331] Loss: 0.019 
[epoch:2, iter:332] Loss: 0.015 
[epoch:2, iter:333] Loss: 0.013 
[epoch:2, iter:334] Loss: 0.019 
[epoch:2, iter:335] Loss: 0.019 
[epoch:2, iter:336] Loss: 0.017 
[epoch:2, iter:337] Loss: 0.018 
[epoch:2, iter:338] Loss: 0.019 
[epoch:2, iter:339] Loss: 0.015 
[epoch:2, iter:340] Loss: 0.019 
[epoch:2, iter:341] Loss: 0.015 
[epoch:2, iter:342] Loss: 0.015 
[epoch:2, iter:343] Loss: 0.018 
[epoch:2, iter:344] Loss: 0.018 
[epoch:2, iter:345] Loss: 0.016 
[epoch:2, iter:346] Loss: 0.021 
[epoch:2, iter:347] Loss: 0.014 
[epoch:2, iter:348] Loss: 0.014 
[epoch:2, iter:349] Loss: 0.016 
[epoch:2, iter:350] Loss: 0.014 
[epoch:2, iter:351] Loss: 0.021 
[epoch:2, iter:352] Loss: 0.016 
[epoch:2, iter:353] Loss: 0.016 
[epoch:2, iter:354] Loss: 0.016 
[epoch:2, iter:355] Loss: 0.014 
[epoch:2, iter:356] Loss: 0.014 
[epoch:2, iter:357] Loss: 0.017 
[epoch:2, iter:358] Loss: 0.016 
[epoch:2, iter:359] Loss: 0.017 
[epoch:2, iter:360] Loss: 0.016 
[epoch:2, iter:361] Loss: 0.020 
[epoch:2, iter:362] Loss: 0.015 
[epoch:2, iter:363] Loss: 0.014 
[epoch:2, iter:364] Loss: 0.017 
[epoch:2, iter:365] Loss: 0.019 
[epoch:2, iter:366] Loss: 0.015 
[epoch:2, iter:367] Loss: 0.017 
[epoch:2, iter:368] Loss: 0.018 
[epoch:2, iter:369] Loss: 0.016 
[epoch:2, iter:370] Loss: 0.015 
[epoch:2, iter:371] Loss: 0.016 
[epoch:2, iter:372] Loss: 0.017 
[epoch:2, iter:373] Loss: 0.019 
[epoch:2, iter:374] Loss: 0.018 
[epoch:2, iter:375] Loss: 0.016 
[epoch:2, iter:376] Loss: 0.017 
Waiting Test...
Test's loss is: 0.797

Epoch: 3
[epoch:3, iter:377] Loss: 0.018 
[epoch:3, iter:378] Loss: 0.016 
[epoch:3, iter:379] Loss: 0.015 
[epoch:3, iter:380] Loss: 0.019 
[epoch:3, iter:381] Loss: 0.015 
[epoch:3, iter:382] Loss: 0.017 
[epoch:3, iter:383] Loss: 0.013 
[epoch:3, iter:384] Loss: 0.016 
[epoch:3, iter:385] Loss: 0.021 
[epoch:3, iter:386] Loss: 0.018 
[epoch:3, iter:387] Loss: 0.016 
[epoch:3, iter:388] Loss: 0.016 
[epoch:3, iter:389] Loss: 0.017 
[epoch:3, iter:390] Loss: 0.011 
[epoch:3, iter:391] Loss: 0.016 
[epoch:3, iter:392] Loss: 0.020 
[epoch:3, iter:393] Loss: 0.015 
[epoch:3, iter:394] Loss: 0.019 
[epoch:3, iter:395] Loss: 0.016 
[epoch:3, iter:396] Loss: 0.017 
[epoch:3, iter:397] Loss: 0.019 
[epoch:3, iter:398] Loss: 0.019 
[epoch:3, iter:399] Loss: 0.015 
[epoch:3, iter:400] Loss: 0.014 
[epoch:3, iter:401] Loss: 0.015 
[epoch:3, iter:402] Loss: 0.016 
[epoch:3, iter:403] Loss: 0.015 
[epoch:3, iter:404] Loss: 0.016 
[epoch:3, iter:405] Loss: 0.017 
[epoch:3, iter:406] Loss: 0.015 
[epoch:3, iter:407] Loss: 0.019 
[epoch:3, iter:408] Loss: 0.015 
[epoch:3, iter:409] Loss: 0.014 
[epoch:3, iter:410] Loss: 0.014 
[epoch:3, iter:411] Loss: 0.017 
[epoch:3, iter:412] Loss: 0.015 
[epoch:3, iter:413] Loss: 0.013 
[epoch:3, iter:414] Loss: 0.015 
[epoch:3, iter:415] Loss: 0.019 
[epoch:3, iter:416] Loss: 0.015 
[epoch:3, iter:417] Loss: 0.018 
[epoch:3, iter:418] Loss: 0.015 
[epoch:3, iter:419] Loss: 0.017 
[epoch:3, iter:420] Loss: 0.016 
[epoch:3, iter:421] Loss: 0.013 
[epoch:3, iter:422] Loss: 0.014 
[epoch:3, iter:423] Loss: 0.014 
[epoch:3, iter:424] Loss: 0.015 
[epoch:3, iter:425] Loss: 0.014 
[epoch:3, iter:426] Loss: 0.014 
[epoch:3, iter:427] Loss: 0.015 
[epoch:3, iter:428] Loss: 0.017 
[epoch:3, iter:429] Loss: 0.015 
[epoch:3, iter:430] Loss: 0.016 
[epoch:3, iter:431] Loss: 0.019 
[epoch:3, iter:432] Loss: 0.016 
[epoch:3, iter:433] Loss: 0.014 
[epoch:3, iter:434] Loss: 0.015 
[epoch:3, iter:435] Loss: 0.018 
[epoch:3, iter:436] Loss: 0.018 
[epoch:3, iter:437] Loss: 0.017 
[epoch:3, iter:438] Loss: 0.017 
[epoch:3, iter:439] Loss: 0.014 
[epoch:3, iter:440] Loss: 0.019 
[epoch:3, iter:441] Loss: 0.014 
[epoch:3, iter:442] Loss: 0.016 
[epoch:3, iter:443] Loss: 0.015 
[epoch:3, iter:444] Loss: 0.015 
[epoch:3, iter:445] Loss: 0.016 
[epoch:3, iter:446] Loss: 0.013 
[epoch:3, iter:447] Loss: 0.015 
[epoch:3, iter:448] Loss: 0.018 
[epoch:3, iter:449] Loss: 0.015 
[epoch:3, iter:450] Loss: 0.015 
[epoch:3, iter:451] Loss: 0.014 
[epoch:3, iter:452] Loss: 0.015 
[epoch:3, iter:453] Loss: 0.015 
[epoch:3, iter:454] Loss: 0.016 
[epoch:3, iter:455] Loss: 0.016 
[epoch:3, iter:456] Loss: 0.014 
[epoch:3, iter:457] Loss: 0.014 
[epoch:3, iter:458] Loss: 0.017 
[epoch:3, iter:459] Loss: 0.016 
[epoch:3, iter:460] Loss: 0.017 
[epoch:3, iter:461] Loss: 0.016 
[epoch:3, iter:462] Loss: 0.016 
[epoch:3, iter:463] Loss: 0.014 
[epoch:3, iter:464] Loss: 0.015 
[epoch:3, iter:465] Loss: 0.016 
[epoch:3, iter:466] Loss: 0.017 
[epoch:3, iter:467] Loss: 0.015 
[epoch:3, iter:468] Loss: 0.016 
[epoch:3, iter:469] Loss: 0.015 
[epoch:3, iter:470] Loss: 0.014 
[epoch:3, iter:471] Loss: 0.015 
[epoch:3, iter:472] Loss: 0.016 
[epoch:3, iter:473] Loss: 0.018 
[epoch:3, iter:474] Loss: 0.015 
[epoch:3, iter:475] Loss: 0.015 
[epoch:3, iter:476] Loss: 0.015 
[epoch:3, iter:477] Loss: 0.017 
[epoch:3, iter:478] Loss: 0.016 
[epoch:3, iter:479] Loss: 0.016 
[epoch:3, iter:480] Loss: 0.015 
[epoch:3, iter:481] Loss: 0.014 
[epoch:3, iter:482] Loss: 0.014 
[epoch:3, iter:483] Loss: 0.014 
[epoch:3, iter:484] Loss: 0.016 
[epoch:3, iter:485] Loss: 0.016 
[epoch:3, iter:486] Loss: 0.015 
[epoch:3, iter:487] Loss: 0.016 
[epoch:3, iter:488] Loss: 0.017 
[epoch:3, iter:489] Loss: 0.015 
[epoch:3, iter:490] Loss: 0.013 
[epoch:3, iter:491] Loss: 0.016 
[epoch:3, iter:492] Loss: 0.015 
[epoch:3, iter:493] Loss: 0.015 
[epoch:3, iter:494] Loss: 0.014 
[epoch:3, iter:495] Loss: 0.017 
[epoch:3, iter:496] Loss: 0.015 
[epoch:3, iter:497] Loss: 0.014 
[epoch:3, iter:498] Loss: 0.011 
[epoch:3, iter:499] Loss: 0.015 
[epoch:3, iter:500] Loss: 0.014 
[epoch:3, iter:501] Loss: 0.015 
[epoch:3, iter:502] Loss: 0.016 
[epoch:3, iter:503] Loss: 0.013 
[epoch:3, iter:504] Loss: 0.014 
[epoch:3, iter:505] Loss: 0.016 
[epoch:3, iter:506] Loss: 0.017 
[epoch:3, iter:507] Loss: 0.015 
[epoch:3, iter:508] Loss: 0.017 
[epoch:3, iter:509] Loss: 0.018 
[epoch:3, iter:510] Loss: 0.015 
[epoch:3, iter:511] Loss: 0.017 
[epoch:3, iter:512] Loss: 0.017 
[epoch:3, iter:513] Loss: 0.015 
[epoch:3, iter:514] Loss: 0.016 
[epoch:3, iter:515] Loss: 0.017 
[epoch:3, iter:516] Loss: 0.018 
[epoch:3, iter:517] Loss: 0.017 
[epoch:3, iter:518] Loss: 0.016 
[epoch:3, iter:519] Loss: 0.016 
[epoch:3, iter:520] Loss: 0.016 
[epoch:3, iter:521] Loss: 0.018 
[epoch:3, iter:522] Loss: 0.018 
[epoch:3, iter:523] Loss: 0.018 
[epoch:3, iter:524] Loss: 0.018 
[epoch:3, iter:525] Loss: 0.015 
[epoch:3, iter:526] Loss: 0.014 
[epoch:3, iter:527] Loss: 0.015 
[epoch:3, iter:528] Loss: 0.015 
[epoch:3, iter:529] Loss: 0.015 
[epoch:3, iter:530] Loss: 0.017 
[epoch:3, iter:531] Loss: 0.013 
[epoch:3, iter:532] Loss: 0.016 
[epoch:3, iter:533] Loss: 0.014 
[epoch:3, iter:534] Loss: 0.016 
[epoch:3, iter:535] Loss: 0.015 
[epoch:3, iter:536] Loss: 0.013 
[epoch:3, iter:537] Loss: 0.015 
[epoch:3, iter:538] Loss: 0.016 
[epoch:3, iter:539] Loss: 0.013 
[epoch:3, iter:540] Loss: 0.015 
[epoch:3, iter:541] Loss: 0.016 
[epoch:3, iter:542] Loss: 0.017 
[epoch:3, iter:543] Loss: 0.013 
[epoch:3, iter:544] Loss: 0.015 
[epoch:3, iter:545] Loss: 0.017 
[epoch:3, iter:546] Loss: 0.015 
[epoch:3, iter:547] Loss: 0.015 
[epoch:3, iter:548] Loss: 0.017 
[epoch:3, iter:549] Loss: 0.014 
[epoch:3, iter:550] Loss: 0.014 
[epoch:3, iter:551] Loss: 0.016 
[epoch:3, iter:552] Loss: 0.016 
[epoch:3, iter:553] Loss: 0.015 
[epoch:3, iter:554] Loss: 0.013 
[epoch:3, iter:555] Loss: 0.020 
[epoch:3, iter:556] Loss: 0.017 
[epoch:3, iter:557] Loss: 0.013 
[epoch:3, iter:558] Loss: 0.017 
[epoch:3, iter:559] Loss: 0.016 
[epoch:3, iter:560] Loss: 0.015 
[epoch:3, iter:561] Loss: 0.014 
[epoch:3, iter:562] Loss: 0.015 
[epoch:3, iter:563] Loss: 0.017 
[epoch:3, iter:564] Loss: 0.016 
Waiting Test...
Test's loss is: 0.756

Epoch: 4
[epoch:4, iter:565] Loss: 0.012 
[epoch:4, iter:566] Loss: 0.017 
[epoch:4, iter:567] Loss: 0.014 
[epoch:4, iter:568] Loss: 0.016 
[epoch:4, iter:569] Loss: 0.017 
[epoch:4, iter:570] Loss: 0.015 
[epoch:4, iter:571] Loss: 0.015 
[epoch:4, iter:572] Loss: 0.014 
[epoch:4, iter:573] Loss: 0.013 
[epoch:4, iter:574] Loss: 0.014 
[epoch:4, iter:575] Loss: 0.014 
[epoch:4, iter:576] Loss: 0.015 
[epoch:4, iter:577] Loss: 0.016 
[epoch:4, iter:578] Loss: 0.016 
[epoch:4, iter:579] Loss: 0.018 
[epoch:4, iter:580] Loss: 0.014 
[epoch:4, iter:581] Loss: 0.015 
[epoch:4, iter:582] Loss: 0.016 
[epoch:4, iter:583] Loss: 0.016 
[epoch:4, iter:584] Loss: 0.013 
[epoch:4, iter:585] Loss: 0.014 
[epoch:4, iter:586] Loss: 0.015 
[epoch:4, iter:587] Loss: 0.014 
[epoch:4, iter:588] Loss: 0.013 
[epoch:4, iter:589] Loss: 0.014 
[epoch:4, iter:590] Loss: 0.015 
[epoch:4, iter:591] Loss: 0.016 
[epoch:4, iter:592] Loss: 0.016 
[epoch:4, iter:593] Loss: 0.014 
[epoch:4, iter:594] Loss: 0.014 
[epoch:4, iter:595] Loss: 0.012 
[epoch:4, iter:596] Loss: 0.017 
[epoch:4, iter:597] Loss: 0.017 
[epoch:4, iter:598] Loss: 0.014 
[epoch:4, iter:599] Loss: 0.015 
[epoch:4, iter:600] Loss: 0.018 
[epoch:4, iter:601] Loss: 0.016 
[epoch:4, iter:602] Loss: 0.013 
[epoch:4, iter:603] Loss: 0.017 
[epoch:4, iter:604] Loss: 0.015 
[epoch:4, iter:605] Loss: 0.018 
[epoch:4, iter:606] Loss: 0.018 
[epoch:4, iter:607] Loss: 0.018 
[epoch:4, iter:608] Loss: 0.018 
[epoch:4, iter:609] Loss: 0.012 
[epoch:4, iter:610] Loss: 0.018 
[epoch:4, iter:611] Loss: 0.016 
[epoch:4, iter:612] Loss: 0.016 
[epoch:4, iter:613] Loss: 0.014 
[epoch:4, iter:614] Loss: 0.014 
[epoch:4, iter:615] Loss: 0.018 
[epoch:4, iter:616] Loss: 0.015 
[epoch:4, iter:617] Loss: 0.015 
[epoch:4, iter:618] Loss: 0.020 
[epoch:4, iter:619] Loss: 0.015 
[epoch:4, iter:620] Loss: 0.017 
[epoch:4, iter:621] Loss: 0.021 
[epoch:4, iter:622] Loss: 0.017 
[epoch:4, iter:623] Loss: 0.015 
[epoch:4, iter:624] Loss: 0.022 
[epoch:4, iter:625] Loss: 0.019 
[epoch:4, iter:626] Loss: 0.013 
[epoch:4, iter:627] Loss: 0.017 
[epoch:4, iter:628] Loss: 0.017 
[epoch:4, iter:629] Loss: 0.014 
[epoch:4, iter:630] Loss: 0.019 
[epoch:4, iter:631] Loss: 0.019 
[epoch:4, iter:632] Loss: 0.015 
[epoch:4, iter:633] Loss: 0.016 
[epoch:4, iter:634] Loss: 0.018 
[epoch:4, iter:635] Loss: 0.015 
[epoch:4, iter:636] Loss: 0.015 
[epoch:4, iter:637] Loss: 0.012 
[epoch:4, iter:638] Loss: 0.011 
[epoch:4, iter:639] Loss: 0.014 
[epoch:4, iter:640] Loss: 0.015 
[epoch:4, iter:641] Loss: 0.014 
[epoch:4, iter:642] Loss: 0.013 
[epoch:4, iter:643] Loss: 0.015 
[epoch:4, iter:644] Loss: 0.014 
[epoch:4, iter:645] Loss: 0.015 
[epoch:4, iter:646] Loss: 0.017 
[epoch:4, iter:647] Loss: 0.012 
[epoch:4, iter:648] Loss: 0.014 
[epoch:4, iter:649] Loss: 0.015 
[epoch:4, iter:650] Loss: 0.016 
[epoch:4, iter:651] Loss: 0.017 
[epoch:4, iter:652] Loss: 0.015 
[epoch:4, iter:653] Loss: 0.016 
[epoch:4, iter:654] Loss: 0.013 
[epoch:4, iter:655] Loss: 0.014 
[epoch:4, iter:656] Loss: 0.016 
[epoch:4, iter:657] Loss: 0.015 
[epoch:4, iter:658] Loss: 0.015 
[epoch:4, iter:659] Loss: 0.013 
[epoch:4, iter:660] Loss: 0.016 
[epoch:4, iter:661] Loss: 0.017 
[epoch:4, iter:662] Loss: 0.015 
[epoch:4, iter:663] Loss: 0.018 
[epoch:4, iter:664] Loss: 0.015 
[epoch:4, iter:665] Loss: 0.017 
[epoch:4, iter:666] Loss: 0.015 
[epoch:4, iter:667] Loss: 0.016 
[epoch:4, iter:668] Loss: 0.021 
[epoch:4, iter:669] Loss: 0.015 
[epoch:4, iter:670] Loss: 0.018 
[epoch:4, iter:671] Loss: 0.020 
[epoch:4, iter:672] Loss: 0.020 
[epoch:4, iter:673] Loss: 0.014 
[epoch:4, iter:674] Loss: 0.018 
[epoch:4, iter:675] Loss: 0.018 
[epoch:4, iter:676] Loss: 0.019 
[epoch:4, iter:677] Loss: 0.017 
[epoch:4, iter:678] Loss: 0.020 
[epoch:4, iter:679] Loss: 0.022 
[epoch:4, iter:680] Loss: 0.014 
[epoch:4, iter:681] Loss: 0.020 
[epoch:4, iter:682] Loss: 0.028 
[epoch:4, iter:683] Loss: 0.016 
[epoch:4, iter:684] Loss: 0.021 
[epoch:4, iter:685] Loss: 0.019 
[epoch:4, iter:686] Loss: 0.017 
[epoch:4, iter:687] Loss: 0.018 
[epoch:4, iter:688] Loss: 0.016 
[epoch:4, iter:689] Loss: 0.016 
[epoch:4, iter:690] Loss: 0.015 
[epoch:4, iter:691] Loss: 0.022 
[epoch:4, iter:692] Loss: 0.013 
[epoch:4, iter:693] Loss: 0.017 
[epoch:4, iter:694] Loss: 0.018 
[epoch:4, iter:695] Loss: 0.017 
[epoch:4, iter:696] Loss: 0.017 
[epoch:4, iter:697] Loss: 0.013 
[epoch:4, iter:698] Loss: 0.019 
[epoch:4, iter:699] Loss: 0.014 
[epoch:4, iter:700] Loss: 0.015 
[epoch:4, iter:701] Loss: 0.015 
[epoch:4, iter:702] Loss: 0.014 
[epoch:4, iter:703] Loss: 0.016 
[epoch:4, iter:704] Loss: 0.020 
[epoch:4, iter:705] Loss: 0.014 
[epoch:4, iter:706] Loss: 0.013 
[epoch:4, iter:707] Loss: 0.017 
[epoch:4, iter:708] Loss: 0.014 
[epoch:4, iter:709] Loss: 0.018 
[epoch:4, iter:710] Loss: 0.014 
[epoch:4, iter:711] Loss: 0.016 
[epoch:4, iter:712] Loss: 0.015 
[epoch:4, iter:713] Loss: 0.015 
[epoch:4, iter:714] Loss: 0.016 
[epoch:4, iter:715] Loss: 0.015 
[epoch:4, iter:716] Loss: 0.017 
[epoch:4, iter:717] Loss: 0.017 
[epoch:4, iter:718] Loss: 0.016 
[epoch:4, iter:719] Loss: 0.019 
[epoch:4, iter:720] Loss: 0.017 
[epoch:4, iter:721] Loss: 0.015 
[epoch:4, iter:722] Loss: 0.014 
[epoch:4, iter:723] Loss: 0.019 
[epoch:4, iter:724] Loss: 0.013 
[epoch:4, iter:725] Loss: 0.012 
[epoch:4, iter:726] Loss: 0.016 
[epoch:4, iter:727] Loss: 0.015 
[epoch:4, iter:728] Loss: 0.014 
[epoch:4, iter:729] Loss: 0.016 
[epoch:4, iter:730] Loss: 0.015 
[epoch:4, iter:731] Loss: 0.015 
[epoch:4, iter:732] Loss: 0.014 
[epoch:4, iter:733] Loss: 0.014 
[epoch:4, iter:734] Loss: 0.015 
[epoch:4, iter:735] Loss: 0.014 
[epoch:4, iter:736] Loss: 0.015 
[epoch:4, iter:737] Loss: 0.014 
[epoch:4, iter:738] Loss: 0.013 
[epoch:4, iter:739] Loss: 0.015 
[epoch:4, iter:740] Loss: 0.014 
[epoch:4, iter:741] Loss: 0.013 
[epoch:4, iter:742] Loss: 0.016 
[epoch:4, iter:743] Loss: 0.014 
[epoch:4, iter:744] Loss: 0.013 
[epoch:4, iter:745] Loss: 0.015 
[epoch:4, iter:746] Loss: 0.014 
[epoch:4, iter:747] Loss: 0.014 
[epoch:4, iter:748] Loss: 0.015 
[epoch:4, iter:749] Loss: 0.014 
[epoch:4, iter:750] Loss: 0.013 
[epoch:4, iter:751] Loss: 0.017 
[epoch:4, iter:752] Loss: 0.016 
Waiting Test...
Test's loss is: 0.685

Epoch: 5
[epoch:5, iter:753] Loss: 0.013 
[epoch:5, iter:754] Loss: 0.014 
[epoch:5, iter:755] Loss: 0.016 
[epoch:5, iter:756] Loss: 0.013 
[epoch:5, iter:757] Loss: 0.015 
[epoch:5, iter:758] Loss: 0.014 
[epoch:5, iter:759] Loss: 0.015 
[epoch:5, iter:760] Loss: 0.013 
[epoch:5, iter:761] Loss: 0.015 
[epoch:5, iter:762] Loss: 0.015 
[epoch:5, iter:763] Loss: 0.011 
[epoch:5, iter:764] Loss: 0.013 
[epoch:5, iter:765] Loss: 0.015 
[epoch:5, iter:766] Loss: 0.013 
[epoch:5, iter:767] Loss: 0.016 
[epoch:5, iter:768] Loss: 0.013 
[epoch:5, iter:769] Loss: 0.013 
[epoch:5, iter:770] Loss: 0.017 
[epoch:5, iter:771] Loss: 0.014 
[epoch:5, iter:772] Loss: 0.015 
[epoch:5, iter:773] Loss: 0.013 
[epoch:5, iter:774] Loss: 0.015 
[epoch:5, iter:775] Loss: 0.018 
[epoch:5, iter:776] Loss: 0.016 
[epoch:5, iter:777] Loss: 0.019 
[epoch:5, iter:778] Loss: 0.013 
[epoch:5, iter:779] Loss: 0.017 
[epoch:5, iter:780] Loss: 0.016 
[epoch:5, iter:781] Loss: 0.015 
[epoch:5, iter:782] Loss: 0.018 
[epoch:5, iter:783] Loss: 0.017 
[epoch:5, iter:784] Loss: 0.014 
[epoch:5, iter:785] Loss: 0.018 
[epoch:5, iter:786] Loss: 0.022 
[epoch:5, iter:787] Loss: 0.015 
[epoch:5, iter:788] Loss: 0.017 
[epoch:5, iter:789] Loss: 0.018 
[epoch:5, iter:790] Loss: 0.017 
[epoch:5, iter:791] Loss: 0.016 
[epoch:5, iter:792] Loss: 0.015 
[epoch:5, iter:793] Loss: 0.017 
[epoch:5, iter:794] Loss: 0.014 
[epoch:5, iter:795] Loss: 0.014 
[epoch:5, iter:796] Loss: 0.014 
[epoch:5, iter:797] Loss: 0.015 
[epoch:5, iter:798] Loss: 0.014 
[epoch:5, iter:799] Loss: 0.013 
[epoch:5, iter:800] Loss: 0.015 
[epoch:5, iter:801] Loss: 0.015 
[epoch:5, iter:802] Loss: 0.016 
[epoch:5, iter:803] Loss: 0.014 
[epoch:5, iter:804] Loss: 0.012 
[epoch:5, iter:805] Loss: 0.018 
[epoch:5, iter:806] Loss: 0.018 
[epoch:5, iter:807] Loss: 0.015 
[epoch:5, iter:808] Loss: 0.019 
[epoch:5, iter:809] Loss: 0.013 
[epoch:5, iter:810] Loss: 0.014 
[epoch:5, iter:811] Loss: 0.016 
[epoch:5, iter:812] Loss: 0.014 
[epoch:5, iter:813] Loss: 0.014 
[epoch:5, iter:814] Loss: 0.015 
[epoch:5, iter:815] Loss: 0.016 
[epoch:5, iter:816] Loss: 0.014 
[epoch:5, iter:817] Loss: 0.014 
[epoch:5, iter:818] Loss: 0.015 
[epoch:5, iter:819] Loss: 0.017 
[epoch:5, iter:820] Loss: 0.015 
[epoch:5, iter:821] Loss: 0.016 
[epoch:5, iter:822] Loss: 0.015 
[epoch:5, iter:823] Loss: 0.019 
[epoch:5, iter:824] Loss: 0.013 
[epoch:5, iter:825] Loss: 0.013 
[epoch:5, iter:826] Loss: 0.016 
[epoch:5, iter:827] Loss: 0.013 
[epoch:5, iter:828] Loss: 0.012 
[epoch:5, iter:829] Loss: 0.014 
[epoch:5, iter:830] Loss: 0.013 
[epoch:5, iter:831] Loss: 0.011 
[epoch:5, iter:832] Loss: 0.017 
[epoch:5, iter:833] Loss: 0.015 
[epoch:5, iter:834] Loss: 0.013 
[epoch:5, iter:835] Loss: 0.012 
[epoch:5, iter:836] Loss: 0.015 
[epoch:5, iter:837] Loss: 0.014 
[epoch:5, iter:838] Loss: 0.013 
[epoch:5, iter:839] Loss: 0.013 
[epoch:5, iter:840] Loss: 0.014 
[epoch:5, iter:841] Loss: 0.012 
[epoch:5, iter:842] Loss: 0.015 
[epoch:5, iter:843] Loss: 0.014 
[epoch:5, iter:844] Loss: 0.013 
[epoch:5, iter:845] Loss: 0.016 
[epoch:5, iter:846] Loss: 0.015 
[epoch:5, iter:847] Loss: 0.012 
[epoch:5, iter:848] Loss: 0.017 
[epoch:5, iter:849] Loss: 0.017 
[epoch:5, iter:850] Loss: 0.014 
[epoch:5, iter:851] Loss: 0.013 
[epoch:5, iter:852] Loss: 0.014 
[epoch:5, iter:853] Loss: 0.013 
[epoch:5, iter:854] Loss: 0.018 
[epoch:5, iter:855] Loss: 0.015 
[epoch:5, iter:856] Loss: 0.012 
[epoch:5, iter:857] Loss: 0.016 
[epoch:5, iter:858] Loss: 0.018 
[epoch:5, iter:859] Loss: 0.013 
[epoch:5, iter:860] Loss: 0.014 
[epoch:5, iter:861] Loss: 0.013 
[epoch:5, iter:862] Loss: 0.013 
[epoch:5, iter:863] Loss: 0.016 
[epoch:5, iter:864] Loss: 0.012 
[epoch:5, iter:865] Loss: 0.013 
[epoch:5, iter:866] Loss: 0.015 
[epoch:5, iter:867] Loss: 0.013 
[epoch:5, iter:868] Loss: 0.014 
[epoch:5, iter:869] Loss: 0.013 
[epoch:5, iter:870] Loss: 0.011 
[epoch:5, iter:871] Loss: 0.012 
[epoch:5, iter:872] Loss: 0.013 
[epoch:5, iter:873] Loss: 0.011 
[epoch:5, iter:874] Loss: 0.015 
[epoch:5, iter:875] Loss: 0.013 
[epoch:5, iter:876] Loss: 0.016 
[epoch:5, iter:877] Loss: 0.013 
[epoch:5, iter:878] Loss: 0.014 
[epoch:5, iter:879] Loss: 0.015 
[epoch:5, iter:880] Loss: 0.013 
[epoch:5, iter:881] Loss: 0.012 
[epoch:5, iter:882] Loss: 0.013 
[epoch:5, iter:883] Loss: 0.013 
[epoch:5, iter:884] Loss: 0.014 
[epoch:5, iter:885] Loss: 0.016 
[epoch:5, iter:886] Loss: 0.014 
[epoch:5, iter:887] Loss: 0.013 
[epoch:5, iter:888] Loss: 0.013 
[epoch:5, iter:889] Loss: 0.015 
[epoch:5, iter:890] Loss: 0.014 
[epoch:5, iter:891] Loss: 0.015 
[epoch:5, iter:892] Loss: 0.016 
[epoch:5, iter:893] Loss: 0.015 
[epoch:5, iter:894] Loss: 0.017 
[epoch:5, iter:895] Loss: 0.016 
[epoch:5, iter:896] Loss: 0.013 
[epoch:5, iter:897] Loss: 0.013 
[epoch:5, iter:898] Loss: 0.011 
[epoch:5, iter:899] Loss: 0.015 
[epoch:5, iter:900] Loss: 0.013 
[epoch:5, iter:901] Loss: 0.018 
[epoch:5, iter:902] Loss: 0.013 
[epoch:5, iter:903] Loss: 0.013 
[epoch:5, iter:904] Loss: 0.015 
[epoch:5, iter:905] Loss: 0.013 
[epoch:5, iter:906] Loss: 0.013 
[epoch:5, iter:907] Loss: 0.012 
[epoch:5, iter:908] Loss: 0.013 
[epoch:5, iter:909] Loss: 0.014 
[epoch:5, iter:910] Loss: 0.012 
[epoch:5, iter:911] Loss: 0.017 
[epoch:5, iter:912] Loss: 0.015 
[epoch:5, iter:913] Loss: 0.013 
[epoch:5, iter:914] Loss: 0.014 
[epoch:5, iter:915] Loss: 0.015 
[epoch:5, iter:916] Loss: 0.017 
[epoch:5, iter:917] Loss: 0.014 
[epoch:5, iter:918] Loss: 0.021 
[epoch:5, iter:919] Loss: 0.016 
[epoch:5, iter:920] Loss: 0.017 
[epoch:5, iter:921] Loss: 0.020 
[epoch:5, iter:922] Loss: 0.019 
[epoch:5, iter:923] Loss: 0.010 
[epoch:5, iter:924] Loss: 0.017 
[epoch:5, iter:925] Loss: 0.018 
[epoch:5, iter:926] Loss: 0.015 
[epoch:5, iter:927] Loss: 0.016 
[epoch:5, iter:928] Loss: 0.023 
[epoch:5, iter:929] Loss: 0.013 
[epoch:5, iter:930] Loss: 0.020 
[epoch:5, iter:931] Loss: 0.021 
[epoch:5, iter:932] Loss: 0.019 
[epoch:5, iter:933] Loss: 0.019 
[epoch:5, iter:934] Loss: 0.025 
[epoch:5, iter:935] Loss: 0.015 
[epoch:5, iter:936] Loss: 0.017 
[epoch:5, iter:937] Loss: 0.020 
[epoch:5, iter:938] Loss: 0.016 
[epoch:5, iter:939] Loss: 0.016 
[epoch:5, iter:940] Loss: 0.027 
Waiting Test...
Test's loss is: 0.775

Epoch: 6
[epoch:6, iter:941] Loss: 0.012 
[epoch:6, iter:942] Loss: 0.014 
[epoch:6, iter:943] Loss: 0.020 
[epoch:6, iter:944] Loss: 0.015 
[epoch:6, iter:945] Loss: 0.029 
[epoch:6, iter:946] Loss: 0.014 
[epoch:6, iter:947] Loss: 0.024 
[epoch:6, iter:948] Loss: 0.018 
[epoch:6, iter:949] Loss: 0.017 
[epoch:6, iter:950] Loss: 0.016 
[epoch:6, iter:951] Loss: 0.015 
[epoch:6, iter:952] Loss: 0.015 
[epoch:6, iter:953] Loss: 0.018 
[epoch:6, iter:954] Loss: 0.017 
[epoch:6, iter:955] Loss: 0.018 
[epoch:6, iter:956] Loss: 0.014 
[epoch:6, iter:957] Loss: 0.018 
[epoch:6, iter:958] Loss: 0.015 
[epoch:6, iter:959] Loss: 0.020 
[epoch:6, iter:960] Loss: 0.021 
[epoch:6, iter:961] Loss: 0.014 
[epoch:6, iter:962] Loss: 0.030 
[epoch:6, iter:963] Loss: 0.032 
[epoch:6, iter:964] Loss: 0.025 
[epoch:6, iter:965] Loss: 0.027 
[epoch:6, iter:966] Loss: 0.027 
[epoch:6, iter:967] Loss: 0.015 
[epoch:6, iter:968] Loss: 0.026 
[epoch:6, iter:969] Loss: 0.037 
[epoch:6, iter:970] Loss: 0.015 
[epoch:6, iter:971] Loss: 0.032 
[epoch:6, iter:972] Loss: 0.040 
[epoch:6, iter:973] Loss: 0.015 
[epoch:6, iter:974] Loss: 0.037 
[epoch:6, iter:975] Loss: 0.027 
[epoch:6, iter:976] Loss: 0.013 
[epoch:6, iter:977] Loss: 0.029 
[epoch:6, iter:978] Loss: 0.030 
[epoch:6, iter:979] Loss: 0.022 
[epoch:6, iter:980] Loss: 0.035 
[epoch:6, iter:981] Loss: 0.016 
[epoch:6, iter:982] Loss: 0.021 
[epoch:6, iter:983] Loss: 0.035 
[epoch:6, iter:984] Loss: 0.016 
[epoch:6, iter:985] Loss: 0.026 
[epoch:6, iter:986] Loss: 0.018 
[epoch:6, iter:987] Loss: 0.023 
[epoch:6, iter:988] Loss: 0.026 
[epoch:6, iter:989] Loss: 0.026 
[epoch:6, iter:990] Loss: 0.018 
[epoch:6, iter:991] Loss: 0.021 
[epoch:6, iter:992] Loss: 0.020 
[epoch:6, iter:993] Loss: 0.019 
[epoch:6, iter:994] Loss: 0.024 
[epoch:6, iter:995] Loss: 0.018 
[epoch:6, iter:996] Loss: 0.020 
[epoch:6, iter:997] Loss: 0.023 
[epoch:6, iter:998] Loss: 0.021 
[epoch:6, iter:999] Loss: 0.017 
[epoch:6, iter:1000] Loss: 0.023 
[epoch:6, iter:1001] Loss: 0.023 
[epoch:6, iter:1002] Loss: 0.017 
[epoch:6, iter:1003] Loss: 0.018 
[epoch:6, iter:1004] Loss: 0.022 
[epoch:6, iter:1005] Loss: 0.021 
[epoch:6, iter:1006] Loss: 0.017 
[epoch:6, iter:1007] Loss: 0.017 
[epoch:6, iter:1008] Loss: 0.021 
[epoch:6, iter:1009] Loss: 0.016 
[epoch:6, iter:1010] Loss: 0.025 
[epoch:6, iter:1011] Loss: 0.030 
[epoch:6, iter:1012] Loss: 0.016 
[epoch:6, iter:1013] Loss: 0.020 
[epoch:6, iter:1014] Loss: 0.024 
[epoch:6, iter:1015] Loss: 0.024 
[epoch:6, iter:1016] Loss: 0.015 
[epoch:6, iter:1017] Loss: 0.016 
[epoch:6, iter:1018] Loss: 0.019 
[epoch:6, iter:1019] Loss: 0.017 
[epoch:6, iter:1020] Loss: 0.019 
[epoch:6, iter:1021] Loss: 0.022 
[epoch:6, iter:1022] Loss: 0.016 
[epoch:6, iter:1023] Loss: 0.014 
[epoch:6, iter:1024] Loss: 0.018 
[epoch:6, iter:1025] Loss: 0.014 
[epoch:6, iter:1026] Loss: 0.018 
[epoch:6, iter:1027] Loss: 0.015 
[epoch:6, iter:1028] Loss: 0.016 
[epoch:6, iter:1029] Loss: 0.016 
[epoch:6, iter:1030] Loss: 0.019 
[epoch:6, iter:1031] Loss: 0.017 
[epoch:6, iter:1032] Loss: 0.016 
[epoch:6, iter:1033] Loss: 0.016 
[epoch:6, iter:1034] Loss: 0.021 
[epoch:6, iter:1035] Loss: 0.014 
[epoch:6, iter:1036] Loss: 0.015 
[epoch:6, iter:1037] Loss: 0.019 
[epoch:6, iter:1038] Loss: 0.014 
[epoch:6, iter:1039] Loss: 0.014 
[epoch:6, iter:1040] Loss: 0.013 
[epoch:6, iter:1041] Loss: 0.019 
[epoch:6, iter:1042] Loss: 0.017 
[epoch:6, iter:1043] Loss: 0.017 
[epoch:6, iter:1044] Loss: 0.018 
[epoch:6, iter:1045] Loss: 0.016 
[epoch:6, iter:1046] Loss: 0.012 
[epoch:6, iter:1047] Loss: 0.014 
[epoch:6, iter:1048] Loss: 0.016 
[epoch:6, iter:1049] Loss: 0.015 
[epoch:6, iter:1050] Loss: 0.015 
[epoch:6, iter:1051] Loss: 0.015 
[epoch:6, iter:1052] Loss: 0.016 
[epoch:6, iter:1053] Loss: 0.017 
[epoch:6, iter:1054] Loss: 0.015 
[epoch:6, iter:1055] Loss: 0.016 
[epoch:6, iter:1056] Loss: 0.011 
[epoch:6, iter:1057] Loss: 0.014 
[epoch:6, iter:1058] Loss: 0.018 
[epoch:6, iter:1059] Loss: 0.016 
[epoch:6, iter:1060] Loss: 0.020 
[epoch:6, iter:1061] Loss: 0.015 
[epoch:6, iter:1062] Loss: 0.013 
[epoch:6, iter:1063] Loss: 0.017 
[epoch:6, iter:1064] Loss: 0.013 
[epoch:6, iter:1065] Loss: 0.013 
[epoch:6, iter:1066] Loss: 0.013 
[epoch:6, iter:1067] Loss: 0.012 
[epoch:6, iter:1068] Loss: 0.013 
[epoch:6, iter:1069] Loss: 0.013 
[epoch:6, iter:1070] Loss: 0.013 
[epoch:6, iter:1071] Loss: 0.012 
[epoch:6, iter:1072] Loss: 0.014 
[epoch:6, iter:1073] Loss: 0.015 
[epoch:6, iter:1074] Loss: 0.014 
[epoch:6, iter:1075] Loss: 0.015 
[epoch:6, iter:1076] Loss: 0.016 
[epoch:6, iter:1077] Loss: 0.014 
[epoch:6, iter:1078] Loss: 0.011 
[epoch:6, iter:1079] Loss: 0.015 
[epoch:6, iter:1080] Loss: 0.015 
[epoch:6, iter:1081] Loss: 0.012 
[epoch:6, iter:1082] Loss: 0.016 
[epoch:6, iter:1083] Loss: 0.013 
[epoch:6, iter:1084] Loss: 0.014 
[epoch:6, iter:1085] Loss: 0.016 
[epoch:6, iter:1086] Loss: 0.016 
[epoch:6, iter:1087] Loss: 0.014 
[epoch:6, iter:1088] Loss: 0.013 
[epoch:6, iter:1089] Loss: 0.013 
[epoch:6, iter:1090] Loss: 0.015 
[epoch:6, iter:1091] Loss: 0.014 
[epoch:6, iter:1092] Loss: 0.013 
[epoch:6, iter:1093] Loss: 0.014 
[epoch:6, iter:1094] Loss: 0.014 
[epoch:6, iter:1095] Loss: 0.013 
[epoch:6, iter:1096] Loss: 0.012 
[epoch:6, iter:1097] Loss: 0.012 
[epoch:6, iter:1098] Loss: 0.016 
[epoch:6, iter:1099] Loss: 0.013 
[epoch:6, iter:1100] Loss: 0.014 
[epoch:6, iter:1101] Loss: 0.013 
[epoch:6, iter:1102] Loss: 0.011 
[epoch:6, iter:1103] Loss: 0.012 
[epoch:6, iter:1104] Loss: 0.015 
[epoch:6, iter:1105] Loss: 0.015 
[epoch:6, iter:1106] Loss: 0.016 
[epoch:6, iter:1107] Loss: 0.016 
[epoch:6, iter:1108] Loss: 0.013 
[epoch:6, iter:1109] Loss: 0.014 
[epoch:6, iter:1110] Loss: 0.017 
[epoch:6, iter:1111] Loss: 0.014 
[epoch:6, iter:1112] Loss: 0.015 
[epoch:6, iter:1113] Loss: 0.015 
[epoch:6, iter:1114] Loss: 0.014 
[epoch:6, iter:1115] Loss: 0.022 
[epoch:6, iter:1116] Loss: 0.013 
[epoch:6, iter:1117] Loss: 0.011 
[epoch:6, iter:1118] Loss: 0.014 
[epoch:6, iter:1119] Loss: 0.014 
[epoch:6, iter:1120] Loss: 0.017 
[epoch:6, iter:1121] Loss: 0.015 
[epoch:6, iter:1122] Loss: 0.017 
[epoch:6, iter:1123] Loss: 0.011 
[epoch:6, iter:1124] Loss: 0.016 
[epoch:6, iter:1125] Loss: 0.019 
[epoch:6, iter:1126] Loss: 0.015 
[epoch:6, iter:1127] Loss: 0.014 
[epoch:6, iter:1128] Loss: 0.014 
Waiting Test...
Test's loss is: 1.038

Epoch: 7
[epoch:7, iter:1129] Loss: 0.019 
[epoch:7, iter:1130] Loss: 0.012 
[epoch:7, iter:1131] Loss: 0.012 
[epoch:7, iter:1132] Loss: 0.023 
[epoch:7, iter:1133] Loss: 0.014 
[epoch:7, iter:1134] Loss: 0.016 
[epoch:7, iter:1135] Loss: 0.018 
[epoch:7, iter:1136] Loss: 0.012 
[epoch:7, iter:1137] Loss: 0.016 
[epoch:7, iter:1138] Loss: 0.017 
[epoch:7, iter:1139] Loss: 0.019 
[epoch:7, iter:1140] Loss: 0.016 
[epoch:7, iter:1141] Loss: 0.019 
[epoch:7, iter:1142] Loss: 0.022 
[epoch:7, iter:1143] Loss: 0.014 
[epoch:7, iter:1144] Loss: 0.024 
[epoch:7, iter:1145] Loss: 0.021 
[epoch:7, iter:1146] Loss: 0.014 
[epoch:7, iter:1147] Loss: 0.026 
[epoch:7, iter:1148] Loss: 0.021 
[epoch:7, iter:1149] Loss: 0.015 
[epoch:7, iter:1150] Loss: 0.017 
[epoch:7, iter:1151] Loss: 0.014 
[epoch:7, iter:1152] Loss: 0.013 
[epoch:7, iter:1153] Loss: 0.017 
[epoch:7, iter:1154] Loss: 0.013 
[epoch:7, iter:1155] Loss: 0.012 
[epoch:7, iter:1156] Loss: 0.012 
[epoch:7, iter:1157] Loss: 0.012 
[epoch:7, iter:1158] Loss: 0.012 
[epoch:7, iter:1159] Loss: 0.013 
[epoch:7, iter:1160] Loss: 0.014 
[epoch:7, iter:1161] Loss: 0.012 
[epoch:7, iter:1162] Loss: 0.016 
[epoch:7, iter:1163] Loss: 0.013 
[epoch:7, iter:1164] Loss: 0.010 
[epoch:7, iter:1165] Loss: 0.014 
[epoch:7, iter:1166] Loss: 0.016 
[epoch:7, iter:1167] Loss: 0.013 
[epoch:7, iter:1168] Loss: 0.011 
[epoch:7, iter:1169] Loss: 0.012 
[epoch:7, iter:1170] Loss: 0.014 
[epoch:7, iter:1171] Loss: 0.011 
[epoch:7, iter:1172] Loss: 0.015 
[epoch:7, iter:1173] Loss: 0.012 
[epoch:7, iter:1174] Loss: 0.013 
[epoch:7, iter:1175] Loss: 0.014 
[epoch:7, iter:1176] Loss: 0.014 
[epoch:7, iter:1177] Loss: 0.013 
[epoch:7, iter:1178] Loss: 0.013 
[epoch:7, iter:1179] Loss: 0.013 
[epoch:7, iter:1180] Loss: 0.012 
[epoch:7, iter:1181] Loss: 0.017 
[epoch:7, iter:1182] Loss: 0.013 
[epoch:7, iter:1183] Loss: 0.015 
[epoch:7, iter:1184] Loss: 0.015 
[epoch:7, iter:1185] Loss: 0.022 
[epoch:7, iter:1186] Loss: 0.018 
[epoch:7, iter:1187] Loss: 0.020 
[epoch:7, iter:1188] Loss: 0.020 
[epoch:7, iter:1189] Loss: 0.016 
[epoch:7, iter:1190] Loss: 0.022 
[epoch:7, iter:1191] Loss: 0.022 
[epoch:7, iter:1192] Loss: 0.016 
[epoch:7, iter:1193] Loss: 0.018 
[epoch:7, iter:1194] Loss: 0.020 
[epoch:7, iter:1195] Loss: 0.015 
[epoch:7, iter:1196] Loss: 0.021 
[epoch:7, iter:1197] Loss: 0.025 
[epoch:7, iter:1198] Loss: 0.014 
[epoch:7, iter:1199] Loss: 0.016 
[epoch:7, iter:1200] Loss: 0.024 
[epoch:7, iter:1201] Loss: 0.020 
[epoch:7, iter:1202] Loss: 0.016 
[epoch:7, iter:1203] Loss: 0.014 
[epoch:7, iter:1204] Loss: 0.012 
[epoch:7, iter:1205] Loss: 0.015 
[epoch:7, iter:1206] Loss: 0.016 
[epoch:7, iter:1207] Loss: 0.012 
[epoch:7, iter:1208] Loss: 0.011 
[epoch:7, iter:1209] Loss: 0.014 
[epoch:7, iter:1210] Loss: 0.014 
[epoch:7, iter:1211] Loss: 0.013 
[epoch:7, iter:1212] Loss: 0.012 
[epoch:7, iter:1213] Loss: 0.011 
[epoch:7, iter:1214] Loss: 0.015 
[epoch:7, iter:1215] Loss: 0.011 
[epoch:7, iter:1216] Loss: 0.015 
[epoch:7, iter:1217] Loss: 0.010 
[epoch:7, iter:1218] Loss: 0.012 
[epoch:7, iter:1219] Loss: 0.012 
[epoch:7, iter:1220] Loss: 0.013 
[epoch:7, iter:1221] Loss: 0.013 
[epoch:7, iter:1222] Loss: 0.012 
[epoch:7, iter:1223] Loss: 0.012 
[epoch:7, iter:1224] Loss: 0.016 
[epoch:7, iter:1225] Loss: 0.013 
[epoch:7, iter:1226] Loss: 0.010 
[epoch:7, iter:1227] Loss: 0.010 
[epoch:7, iter:1228] Loss: 0.011 
[epoch:7, iter:1229] Loss: 0.013 
[epoch:7, iter:1230] Loss: 0.018 
[epoch:7, iter:1231] Loss: 0.015 
[epoch:7, iter:1232] Loss: 0.012 
[epoch:7, iter:1233] Loss: 0.012 
[epoch:7, iter:1234] Loss: 0.015 
[epoch:7, iter:1235] Loss: 0.011 
[epoch:7, iter:1236] Loss: 0.011 
[epoch:7, iter:1237] Loss: 0.012 
[epoch:7, iter:1238] Loss: 0.011 
[epoch:7, iter:1239] Loss: 0.010 
[epoch:7, iter:1240] Loss: 0.015 
[epoch:7, iter:1241] Loss: 0.009 
[epoch:7, iter:1242] Loss: 0.011 
[epoch:7, iter:1243] Loss: 0.011 
[epoch:7, iter:1244] Loss: 0.011 
[epoch:7, iter:1245] Loss: 0.012 
[epoch:7, iter:1246] Loss: 0.015 
[epoch:7, iter:1247] Loss: 0.011 
[epoch:7, iter:1248] Loss: 0.014 
[epoch:7, iter:1249] Loss: 0.008 
[epoch:7, iter:1250] Loss: 0.012 
[epoch:7, iter:1251] Loss: 0.010 
[epoch:7, iter:1252] Loss: 0.011 
[epoch:7, iter:1253] Loss: 0.009 
[epoch:7, iter:1254] Loss: 0.011 
[epoch:7, iter:1255] Loss: 0.010 
[epoch:7, iter:1256] Loss: 0.012 
[epoch:7, iter:1257] Loss: 0.010 
[epoch:7, iter:1258] Loss: 0.012 
[epoch:7, iter:1259] Loss: 0.010 
[epoch:7, iter:1260] Loss: 0.010 
[epoch:7, iter:1261] Loss: 0.013 
[epoch:7, iter:1262] Loss: 0.010 
[epoch:7, iter:1263] Loss: 0.010 
[epoch:7, iter:1264] Loss: 0.009 
[epoch:7, iter:1265] Loss: 0.013 
[epoch:7, iter:1266] Loss: 0.008 
[epoch:7, iter:1267] Loss: 0.010 
[epoch:7, iter:1268] Loss: 0.007 
[epoch:7, iter:1269] Loss: 0.010 
[epoch:7, iter:1270] Loss: 0.009 
[epoch:7, iter:1271] Loss: 0.010 
[epoch:7, iter:1272] Loss: 0.010 
[epoch:7, iter:1273] Loss: 0.010 
[epoch:7, iter:1274] Loss: 0.009 
[epoch:7, iter:1275] Loss: 0.011 
[epoch:7, iter:1276] Loss: 0.010 
[epoch:7, iter:1277] Loss: 0.010 
[epoch:7, iter:1278] Loss: 0.009 
[epoch:7, iter:1279] Loss: 0.009 
[epoch:7, iter:1280] Loss: 0.012 
[epoch:7, iter:1281] Loss: 0.010 
[epoch:7, iter:1282] Loss: 0.011 
[epoch:7, iter:1283] Loss: 0.009 
[epoch:7, iter:1284] Loss: 0.008 
[epoch:7, iter:1285] Loss: 0.009 
[epoch:7, iter:1286] Loss: 0.009 
[epoch:7, iter:1287] Loss: 0.009 
[epoch:7, iter:1288] Loss: 0.008 
[epoch:7, iter:1289] Loss: 0.008 
[epoch:7, iter:1290] Loss: 0.009 
[epoch:7, iter:1291] Loss: 0.013 
[epoch:7, iter:1292] Loss: 0.010 
[epoch:7, iter:1293] Loss: 0.012 
[epoch:7, iter:1294] Loss: 0.011 
[epoch:7, iter:1295] Loss: 0.007 
[epoch:7, iter:1296] Loss: 0.010 
[epoch:7, iter:1297] Loss: 0.009 
[epoch:7, iter:1298] Loss: 0.009 
[epoch:7, iter:1299] Loss: 0.010 
[epoch:7, iter:1300] Loss: 0.009 
[epoch:7, iter:1301] Loss: 0.010 
[epoch:7, iter:1302] Loss: 0.012 
[epoch:7, iter:1303] Loss: 0.010 
[epoch:7, iter:1304] Loss: 0.011 
[epoch:7, iter:1305] Loss: 0.011 
[epoch:7, iter:1306] Loss: 0.007 
[epoch:7, iter:1307] Loss: 0.012 
[epoch:7, iter:1308] Loss: 0.010 
[epoch:7, iter:1309] Loss: 0.008 
[epoch:7, iter:1310] Loss: 0.010 
[epoch:7, iter:1311] Loss: 0.008 
[epoch:7, iter:1312] Loss: 0.009 
[epoch:7, iter:1313] Loss: 0.009 
[epoch:7, iter:1314] Loss: 0.009 
[epoch:7, iter:1315] Loss: 0.011 
[epoch:7, iter:1316] Loss: 0.007 
Waiting Test...
Test's loss is: 0.566

Epoch: 8
[epoch:8, iter:1317] Loss: 0.013 
[epoch:8, iter:1318] Loss: 0.008 
[epoch:8, iter:1319] Loss: 0.011 
[epoch:8, iter:1320] Loss: 0.012 
[epoch:8, iter:1321] Loss: 0.009 
[epoch:8, iter:1322] Loss: 0.009 
[epoch:8, iter:1323] Loss: 0.009 
[epoch:8, iter:1324] Loss: 0.009 
[epoch:8, iter:1325] Loss: 0.011 
[epoch:8, iter:1326] Loss: 0.009 
[epoch:8, iter:1327] Loss: 0.008 
[epoch:8, iter:1328] Loss: 0.011 
[epoch:8, iter:1329] Loss: 0.009 
[epoch:8, iter:1330] Loss: 0.008 
[epoch:8, iter:1331] Loss: 0.010 
[epoch:8, iter:1332] Loss: 0.008 
[epoch:8, iter:1333] Loss: 0.010 
[epoch:8, iter:1334] Loss: 0.009 
[epoch:8, iter:1335] Loss: 0.010 
[epoch:8, iter:1336] Loss: 0.009 
[epoch:8, iter:1337] Loss: 0.010 
[epoch:8, iter:1338] Loss: 0.009 
[epoch:8, iter:1339] Loss: 0.009 
[epoch:8, iter:1340] Loss: 0.009 
[epoch:8, iter:1341] Loss: 0.008 
[epoch:8, iter:1342] Loss: 0.008 
[epoch:8, iter:1343] Loss: 0.008 
[epoch:8, iter:1344] Loss: 0.010 
[epoch:8, iter:1345] Loss: 0.008 
[epoch:8, iter:1346] Loss: 0.011 
[epoch:8, iter:1347] Loss: 0.009 
[epoch:8, iter:1348] Loss: 0.007 
[epoch:8, iter:1349] Loss: 0.010 
[epoch:8, iter:1350] Loss: 0.008 
[epoch:8, iter:1351] Loss: 0.012 
[epoch:8, iter:1352] Loss: 0.010 
[epoch:8, iter:1353] Loss: 0.010 
[epoch:8, iter:1354] Loss: 0.009 
[epoch:8, iter:1355] Loss: 0.010 
[epoch:8, iter:1356] Loss: 0.010 
[epoch:8, iter:1357] Loss: 0.010 
[epoch:8, iter:1358] Loss: 0.011 
[epoch:8, iter:1359] Loss: 0.007 
[epoch:8, iter:1360] Loss: 0.009 
[epoch:8, iter:1361] Loss: 0.012 
[epoch:8, iter:1362] Loss: 0.009 
[epoch:8, iter:1363] Loss: 0.012 
[epoch:8, iter:1364] Loss: 0.013 
[epoch:8, iter:1365] Loss: 0.009 
[epoch:8, iter:1366] Loss: 0.015 
[epoch:8, iter:1367] Loss: 0.010 
[epoch:8, iter:1368] Loss: 0.010 
[epoch:8, iter:1369] Loss: 0.010 
[epoch:8, iter:1370] Loss: 0.011 
[epoch:8, iter:1371] Loss: 0.011 
[epoch:8, iter:1372] Loss: 0.010 
[epoch:8, iter:1373] Loss: 0.012 
[epoch:8, iter:1374] Loss: 0.009 
[epoch:8, iter:1375] Loss: 0.010 
[epoch:8, iter:1376] Loss: 0.011 
[epoch:8, iter:1377] Loss: 0.007 
[epoch:8, iter:1378] Loss: 0.007 
[epoch:8, iter:1379] Loss: 0.009 
[epoch:8, iter:1380] Loss: 0.010 
[epoch:8, iter:1381] Loss: 0.009 
[epoch:8, iter:1382] Loss: 0.009 
[epoch:8, iter:1383] Loss: 0.012 
[epoch:8, iter:1384] Loss: 0.014 
[epoch:8, iter:1385] Loss: 0.007 
[epoch:8, iter:1386] Loss: 0.007 
[epoch:8, iter:1387] Loss: 0.008 
[epoch:8, iter:1388] Loss: 0.012 
[epoch:8, iter:1389] Loss: 0.008 
[epoch:8, iter:1390] Loss: 0.009 
[epoch:8, iter:1391] Loss: 0.015 
[epoch:8, iter:1392] Loss: 0.009 
[epoch:8, iter:1393] Loss: 0.008 
[epoch:8, iter:1394] Loss: 0.013 
[epoch:8, iter:1395] Loss: 0.010 
[epoch:8, iter:1396] Loss: 0.011 
[epoch:8, iter:1397] Loss: 0.009 
[epoch:8, iter:1398] Loss: 0.007 
[epoch:8, iter:1399] Loss: 0.007 
[epoch:8, iter:1400] Loss: 0.007 
[epoch:8, iter:1401] Loss: 0.009 
[epoch:8, iter:1402] Loss: 0.009 
[epoch:8, iter:1403] Loss: 0.008 
[epoch:8, iter:1404] Loss: 0.007 
[epoch:8, iter:1405] Loss: 0.010 
[epoch:8, iter:1406] Loss: 0.009 
[epoch:8, iter:1407] Loss: 0.011 
[epoch:8, iter:1408] Loss: 0.008 
[epoch:8, iter:1409] Loss: 0.008 
[epoch:8, iter:1410] Loss: 0.008 
[epoch:8, iter:1411] Loss: 0.009 
[epoch:8, iter:1412] Loss: 0.008 
[epoch:8, iter:1413] Loss: 0.008 
[epoch:8, iter:1414] Loss: 0.007 
[epoch:8, iter:1415] Loss: 0.009 
[epoch:8, iter:1416] Loss: 0.007 
[epoch:8, iter:1417] Loss: 0.007 
[epoch:8, iter:1418] Loss: 0.007 
[epoch:8, iter:1419] Loss: 0.010 
[epoch:8, iter:1420] Loss: 0.008 
[epoch:8, iter:1421] Loss: 0.007 
[epoch:8, iter:1422] Loss: 0.009 
[epoch:8, iter:1423] Loss: 0.007 
[epoch:8, iter:1424] Loss: 0.008 
[epoch:8, iter:1425] Loss: 0.007 
[epoch:8, iter:1426] Loss: 0.008 
[epoch:8, iter:1427] Loss: 0.007 
[epoch:8, iter:1428] Loss: 0.008 
[epoch:8, iter:1429] Loss: 0.006 
[epoch:8, iter:1430] Loss: 0.008 
[epoch:8, iter:1431] Loss: 0.008 
[epoch:8, iter:1432] Loss: 0.007 
[epoch:8, iter:1433] Loss: 0.008 
[epoch:8, iter:1434] Loss: 0.009 
[epoch:8, iter:1435] Loss: 0.007 
[epoch:8, iter:1436] Loss: 0.009 
[epoch:8, iter:1437] Loss: 0.009 
[epoch:8, iter:1438] Loss: 0.008 
[epoch:8, iter:1439] Loss: 0.008 
[epoch:8, iter:1440] Loss: 0.007 
[epoch:8, iter:1441] Loss: 0.006 
[epoch:8, iter:1442] Loss: 0.009 
[epoch:8, iter:1443] Loss: 0.008 
[epoch:8, iter:1444] Loss: 0.008 
[epoch:8, iter:1445] Loss: 0.008 
[epoch:8, iter:1446] Loss: 0.008 
[epoch:8, iter:1447] Loss: 0.009 
[epoch:8, iter:1448] Loss: 0.007 
[epoch:8, iter:1449] Loss: 0.008 
[epoch:8, iter:1450] Loss: 0.007 
[epoch:8, iter:1451] Loss: 0.009 
[epoch:8, iter:1452] Loss: 0.005 
[epoch:8, iter:1453] Loss: 0.009 
[epoch:8, iter:1454] Loss: 0.007 
[epoch:8, iter:1455] Loss: 0.006 
[epoch:8, iter:1456] Loss: 0.008 
[epoch:8, iter:1457] Loss: 0.007 
[epoch:8, iter:1458] Loss: 0.007 
[epoch:8, iter:1459] Loss: 0.009 
[epoch:8, iter:1460] Loss: 0.008 
[epoch:8, iter:1461] Loss: 0.008 
[epoch:8, iter:1462] Loss: 0.010 
[epoch:8, iter:1463] Loss: 0.007 
[epoch:8, iter:1464] Loss: 0.011 
[epoch:8, iter:1465] Loss: 0.008 
[epoch:8, iter:1466] Loss: 0.010 
[epoch:8, iter:1467] Loss: 0.009 
[epoch:8, iter:1468] Loss: 0.008 
[epoch:8, iter:1469] Loss: 0.008 
[epoch:8, iter:1470] Loss: 0.007 
[epoch:8, iter:1471] Loss: 0.012 
[epoch:8, iter:1472] Loss: 0.009 
[epoch:8, iter:1473] Loss: 0.007 
[epoch:8, iter:1474] Loss: 0.009 
[epoch:8, iter:1475] Loss: 0.006 
[epoch:8, iter:1476] Loss: 0.010 
[epoch:8, iter:1477] Loss: 0.009 
[epoch:8, iter:1478] Loss: 0.011 
[epoch:8, iter:1479] Loss: 0.009 
[epoch:8, iter:1480] Loss: 0.010 
[epoch:8, iter:1481] Loss: 0.009 
[epoch:8, iter:1482] Loss: 0.010 
[epoch:8, iter:1483] Loss: 0.011 
[epoch:8, iter:1484] Loss: 0.010 
[epoch:8, iter:1485] Loss: 0.009 
[epoch:8, iter:1486] Loss: 0.009 
[epoch:8, iter:1487] Loss: 0.008 
[epoch:8, iter:1488] Loss: 0.008 
[epoch:8, iter:1489] Loss: 0.007 
[epoch:8, iter:1490] Loss: 0.007 
[epoch:8, iter:1491] Loss: 0.009 
[epoch:8, iter:1492] Loss: 0.007 
[epoch:8, iter:1493] Loss: 0.009 
[epoch:8, iter:1494] Loss: 0.009 
[epoch:8, iter:1495] Loss: 0.008 
[epoch:8, iter:1496] Loss: 0.007 
[epoch:8, iter:1497] Loss: 0.006 
[epoch:8, iter:1498] Loss: 0.006 
[epoch:8, iter:1499] Loss: 0.009 
[epoch:8, iter:1500] Loss: 0.008 
[epoch:8, iter:1501] Loss: 0.007 
[epoch:8, iter:1502] Loss: 0.005 
[epoch:8, iter:1503] Loss: 0.009 
[epoch:8, iter:1504] Loss: 0.007 
Waiting Test...
Test's loss is: 0.564

Epoch: 9
[epoch:9, iter:1505] Loss: 0.007 
[epoch:9, iter:1506] Loss: 0.009 
[epoch:9, iter:1507] Loss: 0.007 
[epoch:9, iter:1508] Loss: 0.007 
[epoch:9, iter:1509] Loss: 0.007 
[epoch:9, iter:1510] Loss: 0.011 
[epoch:9, iter:1511] Loss: 0.011 
[epoch:9, iter:1512] Loss: 0.008 
[epoch:9, iter:1513] Loss: 0.009 
[epoch:9, iter:1514] Loss: 0.008 
[epoch:9, iter:1515] Loss: 0.009 
[epoch:9, iter:1516] Loss: 0.007 
[epoch:9, iter:1517] Loss: 0.007 
[epoch:9, iter:1518] Loss: 0.007 
[epoch:9, iter:1519] Loss: 0.007 
[epoch:9, iter:1520] Loss: 0.005 
[epoch:9, iter:1521] Loss: 0.011 
[epoch:9, iter:1522] Loss: 0.011 
[epoch:9, iter:1523] Loss: 0.006 
[epoch:9, iter:1524] Loss: 0.007 
[epoch:9, iter:1525] Loss: 0.009 
[epoch:9, iter:1526] Loss: 0.010 
[epoch:9, iter:1527] Loss: 0.008 
[epoch:9, iter:1528] Loss: 0.007 
[epoch:9, iter:1529] Loss: 0.006 
[epoch:9, iter:1530] Loss: 0.007 
[epoch:9, iter:1531] Loss: 0.007 
[epoch:9, iter:1532] Loss: 0.008 
[epoch:9, iter:1533] Loss: 0.008 
[epoch:9, iter:1534] Loss: 0.008 
[epoch:9, iter:1535] Loss: 0.008 
[epoch:9, iter:1536] Loss: 0.007 
[epoch:9, iter:1537] Loss: 0.007 
[epoch:9, iter:1538] Loss: 0.008 
[epoch:9, iter:1539] Loss: 0.007 
[epoch:9, iter:1540] Loss: 0.005 
[epoch:9, iter:1541] Loss: 0.011 
[epoch:9, iter:1542] Loss: 0.010 
[epoch:9, iter:1543] Loss: 0.013 
[epoch:9, iter:1544] Loss: 0.006 
[epoch:9, iter:1545] Loss: 0.011 
[epoch:9, iter:1546] Loss: 0.008 
[epoch:9, iter:1547] Loss: 0.007 
[epoch:9, iter:1548] Loss: 0.011 
[epoch:9, iter:1549] Loss: 0.010 
[epoch:9, iter:1550] Loss: 0.007 
[epoch:9, iter:1551] Loss: 0.010 
[epoch:9, iter:1552] Loss: 0.008 
[epoch:9, iter:1553] Loss: 0.009 
[epoch:9, iter:1554] Loss: 0.006 
[epoch:9, iter:1555] Loss: 0.010 
[epoch:9, iter:1556] Loss: 0.009 
[epoch:9, iter:1557] Loss: 0.006 
[epoch:9, iter:1558] Loss: 0.008 
[epoch:9, iter:1559] Loss: 0.008 
[epoch:9, iter:1560] Loss: 0.007 
[epoch:9, iter:1561] Loss: 0.006 
[epoch:9, iter:1562] Loss: 0.008 
[epoch:9, iter:1563] Loss: 0.012 
[epoch:9, iter:1564] Loss: 0.009 
[epoch:9, iter:1565] Loss: 0.008 
[epoch:9, iter:1566] Loss: 0.008 
[epoch:9, iter:1567] Loss: 0.009 
[epoch:9, iter:1568] Loss: 0.012 
[epoch:9, iter:1569] Loss: 0.009 
[epoch:9, iter:1570] Loss: 0.012 
[epoch:9, iter:1571] Loss: 0.011 
[epoch:9, iter:1572] Loss: 0.007 
[epoch:9, iter:1573] Loss: 0.010 
[epoch:9, iter:1574] Loss: 0.006 
[epoch:9, iter:1575] Loss: 0.007 
[epoch:9, iter:1576] Loss: 0.009 
[epoch:9, iter:1577] Loss: 0.007 
[epoch:9, iter:1578] Loss: 0.005 
[epoch:9, iter:1579] Loss: 0.007 
[epoch:9, iter:1580] Loss: 0.007 
[epoch:9, iter:1581] Loss: 0.010 
[epoch:9, iter:1582] Loss: 0.008 
[epoch:9, iter:1583] Loss: 0.009 
[epoch:9, iter:1584] Loss: 0.012 
[epoch:9, iter:1585] Loss: 0.007 
[epoch:9, iter:1586] Loss: 0.009 
[epoch:9, iter:1587] Loss: 0.006 
[epoch:9, iter:1588] Loss: 0.008 
[epoch:9, iter:1589] Loss: 0.007 
[epoch:9, iter:1590] Loss: 0.007 
[epoch:9, iter:1591] Loss: 0.009 
[epoch:9, iter:1592] Loss: 0.010 
[epoch:9, iter:1593] Loss: 0.009 
[epoch:9, iter:1594] Loss: 0.007 
[epoch:9, iter:1595] Loss: 0.008 
[epoch:9, iter:1596] Loss: 0.008 
[epoch:9, iter:1597] Loss: 0.006 
[epoch:9, iter:1598] Loss: 0.010 
[epoch:9, iter:1599] Loss: 0.005 
[epoch:9, iter:1600] Loss: 0.007 
[epoch:9, iter:1601] Loss: 0.007 
[epoch:9, iter:1602] Loss: 0.008 
[epoch:9, iter:1603] Loss: 0.011 
[epoch:9, iter:1604] Loss: 0.007 
[epoch:9, iter:1605] Loss: 0.005 
[epoch:9, iter:1606] Loss: 0.008 
[epoch:9, iter:1607] Loss: 0.007 
[epoch:9, iter:1608] Loss: 0.007 
[epoch:9, iter:1609] Loss: 0.011 
[epoch:9, iter:1610] Loss: 0.009 
[epoch:9, iter:1611] Loss: 0.009 
[epoch:9, iter:1612] Loss: 0.011 
[epoch:9, iter:1613] Loss: 0.010 
[epoch:9, iter:1614] Loss: 0.026 
[epoch:9, iter:1615] Loss: 0.009 
[epoch:9, iter:1616] Loss: 0.010 
[epoch:9, iter:1617] Loss: 0.012 
[epoch:9, iter:1618] Loss: 0.019 
[epoch:9, iter:1619] Loss: 0.021 
[epoch:9, iter:1620] Loss: 0.025 
[epoch:9, iter:1621] Loss: 0.009 
[epoch:9, iter:1622] Loss: 0.022 
[epoch:9, iter:1623] Loss: 0.016 
[epoch:9, iter:1624] Loss: 0.013 
[epoch:9, iter:1625] Loss: 0.010 
[epoch:9, iter:1626] Loss: 0.007 
[epoch:9, iter:1627] Loss: 0.009 
[epoch:9, iter:1628] Loss: 0.010 
[epoch:9, iter:1629] Loss: 0.019 
[epoch:9, iter:1630] Loss: 0.009 
[epoch:9, iter:1631] Loss: 0.010 
[epoch:9, iter:1632] Loss: 0.009 
[epoch:9, iter:1633] Loss: 0.014 
[epoch:9, iter:1634] Loss: 0.018 
[epoch:9, iter:1635] Loss: 0.013 
[epoch:9, iter:1636] Loss: 0.010 
[epoch:9, iter:1637] Loss: 0.019 
[epoch:9, iter:1638] Loss: 0.010 
[epoch:9, iter:1639] Loss: 0.019 
[epoch:9, iter:1640] Loss: 0.011 
[epoch:9, iter:1641] Loss: 0.014 
[epoch:9, iter:1642] Loss: 0.012 
[epoch:9, iter:1643] Loss: 0.029 
[epoch:9, iter:1644] Loss: 0.010 
[epoch:9, iter:1645] Loss: 0.023 
[epoch:9, iter:1646] Loss: 0.025 
[epoch:9, iter:1647] Loss: 0.011 
[epoch:9, iter:1648] Loss: 0.025 
[epoch:9, iter:1649] Loss: 0.019 
[epoch:9, iter:1650] Loss: 0.013 
[epoch:9, iter:1651] Loss: 0.034 
[epoch:9, iter:1652] Loss: 0.013 
[epoch:9, iter:1653] Loss: 0.021 
[epoch:9, iter:1654] Loss: 0.026 
[epoch:9, iter:1655] Loss: 0.016 
[epoch:9, iter:1656] Loss: 0.053 
[epoch:9, iter:1657] Loss: 0.014 
[epoch:9, iter:1658] Loss: 0.020 
[epoch:9, iter:1659] Loss: 0.021 
[epoch:9, iter:1660] Loss: 0.014 
[epoch:9, iter:1661] Loss: 0.018 
[epoch:9, iter:1662] Loss: 0.014 
[epoch:9, iter:1663] Loss: 0.015 
[epoch:9, iter:1664] Loss: 0.014 
[epoch:9, iter:1665] Loss: 0.018 
[epoch:9, iter:1666] Loss: 0.012 
[epoch:9, iter:1667] Loss: 0.013 
[epoch:9, iter:1668] Loss: 0.013 
[epoch:9, iter:1669] Loss: 0.009 
[epoch:9, iter:1670] Loss: 0.012 
[epoch:9, iter:1671] Loss: 0.012 
[epoch:9, iter:1672] Loss: 0.012 
[epoch:9, iter:1673] Loss: 0.012 
[epoch:9, iter:1674] Loss: 0.014 
[epoch:9, iter:1675] Loss: 0.008 
[epoch:9, iter:1676] Loss: 0.011 
[epoch:9, iter:1677] Loss: 0.011 
[epoch:9, iter:1678] Loss: 0.009 
[epoch:9, iter:1679] Loss: 0.007 
[epoch:9, iter:1680] Loss: 0.009 
[epoch:9, iter:1681] Loss: 0.008 
[epoch:9, iter:1682] Loss: 0.006 
[epoch:9, iter:1683] Loss: 0.009 
[epoch:9, iter:1684] Loss: 0.010 
[epoch:9, iter:1685] Loss: 0.007 
[epoch:9, iter:1686] Loss: 0.011 
[epoch:9, iter:1687] Loss: 0.010 
[epoch:9, iter:1688] Loss: 0.010 
[epoch:9, iter:1689] Loss: 0.015 
[epoch:9, iter:1690] Loss: 0.008 
[epoch:9, iter:1691] Loss: 0.010 
[epoch:9, iter:1692] Loss: 0.007 
Waiting Test...
Test's loss is: 0.920

Epoch: 10
[epoch:10, iter:1693] Loss: 0.012 
[epoch:10, iter:1694] Loss: 0.012 
[epoch:10, iter:1695] Loss: 0.008 
[epoch:10, iter:1696] Loss: 0.008 
[epoch:10, iter:1697] Loss: 0.012 
[epoch:10, iter:1698] Loss: 0.010 
[epoch:10, iter:1699] Loss: 0.017 
[epoch:10, iter:1700] Loss: 0.007 
[epoch:10, iter:1701] Loss: 0.010 
[epoch:10, iter:1702] Loss: 0.010 
[epoch:10, iter:1703] Loss: 0.011 
[epoch:10, iter:1704] Loss: 0.007 
[epoch:10, iter:1705] Loss: 0.010 
[epoch:10, iter:1706] Loss: 0.011 
[epoch:10, iter:1707] Loss: 0.011 
[epoch:10, iter:1708] Loss: 0.010 
[epoch:10, iter:1709] Loss: 0.008 
[epoch:10, iter:1710] Loss: 0.010 
[epoch:10, iter:1711] Loss: 0.008 
[epoch:10, iter:1712] Loss: 0.007 
[epoch:10, iter:1713] Loss: 0.006 
[epoch:10, iter:1714] Loss: 0.009 
[epoch:10, iter:1715] Loss: 0.007 
[epoch:10, iter:1716] Loss: 0.005 
[epoch:10, iter:1717] Loss: 0.009 
[epoch:10, iter:1718] Loss: 0.006 
[epoch:10, iter:1719] Loss: 0.005 
[epoch:10, iter:1720] Loss: 0.006 
[epoch:10, iter:1721] Loss: 0.007 
[epoch:10, iter:1722] Loss: 0.008 
[epoch:10, iter:1723] Loss: 0.006 
[epoch:10, iter:1724] Loss: 0.010 
[epoch:10, iter:1725] Loss: 0.006 
[epoch:10, iter:1726] Loss: 0.008 
[epoch:10, iter:1727] Loss: 0.010 
[epoch:10, iter:1728] Loss: 0.006 
[epoch:10, iter:1729] Loss: 0.007 
[epoch:10, iter:1730] Loss: 0.007 
[epoch:10, iter:1731] Loss: 0.009 
[epoch:10, iter:1732] Loss: 0.008 
[epoch:10, iter:1733] Loss: 0.007 
[epoch:10, iter:1734] Loss: 0.011 
[epoch:10, iter:1735] Loss: 0.008 
[epoch:10, iter:1736] Loss: 0.005 
[epoch:10, iter:1737] Loss: 0.007 
[epoch:10, iter:1738] Loss: 0.009 
[epoch:10, iter:1739] Loss: 0.007 
[epoch:10, iter:1740] Loss: 0.010 
[epoch:10, iter:1741] Loss: 0.009 
[epoch:10, iter:1742] Loss: 0.007 
[epoch:10, iter:1743] Loss: 0.009 
[epoch:10, iter:1744] Loss: 0.005 
[epoch:10, iter:1745] Loss: 0.007 
[epoch:10, iter:1746] Loss: 0.009 
[epoch:10, iter:1747] Loss: 0.007 
[epoch:10, iter:1748] Loss: 0.006 
[epoch:10, iter:1749] Loss: 0.010 
[epoch:10, iter:1750] Loss: 0.009 
[epoch:10, iter:1751] Loss: 0.006 
[epoch:10, iter:1752] Loss: 0.008 
[epoch:10, iter:1753] Loss: 0.008 
[epoch:10, iter:1754] Loss: 0.006 
[epoch:10, iter:1755] Loss: 0.005 
[epoch:10, iter:1756] Loss: 0.007 
[epoch:10, iter:1757] Loss: 0.006 
[epoch:10, iter:1758] Loss: 0.008 
[epoch:10, iter:1759] Loss: 0.006 
[epoch:10, iter:1760] Loss: 0.005 
[epoch:10, iter:1761] Loss: 0.005 
[epoch:10, iter:1762] Loss: 0.006 
[epoch:10, iter:1763] Loss: 0.006 
[epoch:10, iter:1764] Loss: 0.005 
[epoch:10, iter:1765] Loss: 0.006 
[epoch:10, iter:1766] Loss: 0.009 
[epoch:10, iter:1767] Loss: 0.007 
[epoch:10, iter:1768] Loss: 0.006 
[epoch:10, iter:1769] Loss: 0.008 
[epoch:10, iter:1770] Loss: 0.005 
[epoch:10, iter:1771] Loss: 0.007 
[epoch:10, iter:1772] Loss: 0.008 
[epoch:10, iter:1773] Loss: 0.006 
[epoch:10, iter:1774] Loss: 0.007 
[epoch:10, iter:1775] Loss: 0.012 
[epoch:10, iter:1776] Loss: 0.008 
[epoch:10, iter:1777] Loss: 0.013 
[epoch:10, iter:1778] Loss: 0.009 
[epoch:10, iter:1779] Loss: 0.007 
[epoch:10, iter:1780] Loss: 0.009 
[epoch:10, iter:1781] Loss: 0.006 
[epoch:10, iter:1782] Loss: 0.006 
[epoch:10, iter:1783] Loss: 0.010 
[epoch:10, iter:1784] Loss: 0.007 
[epoch:10, iter:1785] Loss: 0.007 
[epoch:10, iter:1786] Loss: 0.008 
[epoch:10, iter:1787] Loss: 0.007 
[epoch:10, iter:1788] Loss: 0.006 
[epoch:10, iter:1789] Loss: 0.008 
[epoch:10, iter:1790] Loss: 0.009 
[epoch:10, iter:1791] Loss: 0.006 
[epoch:10, iter:1792] Loss: 0.006 
[epoch:10, iter:1793] Loss: 0.011 
[epoch:10, iter:1794] Loss: 0.008 
[epoch:10, iter:1795] Loss: 0.007 
[epoch:10, iter:1796] Loss: 0.006 
[epoch:10, iter:1797] Loss: 0.006 
[epoch:10, iter:1798] Loss: 0.009 
[epoch:10, iter:1799] Loss: 0.006 
[epoch:10, iter:1800] Loss: 0.005 
[epoch:10, iter:1801] Loss: 0.006 
[epoch:10, iter:1802] Loss: 0.008 
[epoch:10, iter:1803] Loss: 0.006 
[epoch:10, iter:1804] Loss: 0.005 
[epoch:10, iter:1805] Loss: 0.006 
[epoch:10, iter:1806] Loss: 0.008 
[epoch:10, iter:1807] Loss: 0.005 
[epoch:10, iter:1808] Loss: 0.007 
[epoch:10, iter:1809] Loss: 0.006 
[epoch:10, iter:1810] Loss: 0.007 
[epoch:10, iter:1811] Loss: 0.006 
[epoch:10, iter:1812] Loss: 0.005 
[epoch:10, iter:1813] Loss: 0.008 
[epoch:10, iter:1814] Loss: 0.010 
[epoch:10, iter:1815] Loss: 0.005 
[epoch:10, iter:1816] Loss: 0.009 
[epoch:10, iter:1817] Loss: 0.006 
[epoch:10, iter:1818] Loss: 0.008 
[epoch:10, iter:1819] Loss: 0.007 
[epoch:10, iter:1820] Loss: 0.006 
[epoch:10, iter:1821] Loss: 0.009 
[epoch:10, iter:1822] Loss: 0.008 
[epoch:10, iter:1823] Loss: 0.007 
[epoch:10, iter:1824] Loss: 0.006 
[epoch:10, iter:1825] Loss: 0.006 
[epoch:10, iter:1826] Loss: 0.006 
[epoch:10, iter:1827] Loss: 0.006 
[epoch:10, iter:1828] Loss: 0.008 
[epoch:10, iter:1829] Loss: 0.006 
[epoch:10, iter:1830] Loss: 0.005 
[epoch:10, iter:1831] Loss: 0.006 
[epoch:10, iter:1832] Loss: 0.008 
[epoch:10, iter:1833] Loss: 0.005 
[epoch:10, iter:1834] Loss: 0.006 
[epoch:10, iter:1835] Loss: 0.005 
[epoch:10, iter:1836] Loss: 0.006 
[epoch:10, iter:1837] Loss: 0.007 
[epoch:10, iter:1838] Loss: 0.006 
[epoch:10, iter:1839] Loss: 0.007 
[epoch:10, iter:1840] Loss: 0.010 
[epoch:10, iter:1841] Loss: 0.006 
[epoch:10, iter:1842] Loss: 0.007 
[epoch:10, iter:1843] Loss: 0.007 
[epoch:10, iter:1844] Loss: 0.009 
[epoch:10, iter:1845] Loss: 0.010 
[epoch:10, iter:1846] Loss: 0.009 
[epoch:10, iter:1847] Loss: 0.007 
[epoch:10, iter:1848] Loss: 0.008 
[epoch:10, iter:1849] Loss: 0.010 
[epoch:10, iter:1850] Loss: 0.007 
[epoch:10, iter:1851] Loss: 0.007 
[epoch:10, iter:1852] Loss: 0.005 
[epoch:10, iter:1853] Loss: 0.007 
[epoch:10, iter:1854] Loss: 0.006 
[epoch:10, iter:1855] Loss: 0.007 
[epoch:10, iter:1856] Loss: 0.006 
[epoch:10, iter:1857] Loss: 0.006 
[epoch:10, iter:1858] Loss: 0.005 
[epoch:10, iter:1859] Loss: 0.006 
[epoch:10, iter:1860] Loss: 0.007 
[epoch:10, iter:1861] Loss: 0.005 
[epoch:10, iter:1862] Loss: 0.004 
[epoch:10, iter:1863] Loss: 0.007 
[epoch:10, iter:1864] Loss: 0.005 
[epoch:10, iter:1865] Loss: 0.006 
[epoch:10, iter:1866] Loss: 0.006 
[epoch:10, iter:1867] Loss: 0.006 
[epoch:10, iter:1868] Loss: 0.006 
[epoch:10, iter:1869] Loss: 0.006 
[epoch:10, iter:1870] Loss: 0.007 
[epoch:10, iter:1871] Loss: 0.006 
[epoch:10, iter:1872] Loss: 0.005 
[epoch:10, iter:1873] Loss: 0.006 
[epoch:10, iter:1874] Loss: 0.008 
[epoch:10, iter:1875] Loss: 0.005 
[epoch:10, iter:1876] Loss: 0.007 
[epoch:10, iter:1877] Loss: 0.006 
[epoch:10, iter:1878] Loss: 0.006 
[epoch:10, iter:1879] Loss: 0.006 
[epoch:10, iter:1880] Loss: 0.005 
Waiting Test...
Test's loss is: 0.314
Train has finished, total epoch is 10
